[4.935s] Invoking command in '/home/jetson/ros2_ws/src/twist_ugv_cruiser': PYTHONPATH=/home/jetson/ros2_ws/build/twist_ugv_cruiser/prefix_override:/usr/lib/python3/dist-packages/colcon_core/task/python/colcon_distutils_commands:/home/jetson/ros2_ws/install/twist_ugv_cruiser/lib/python3.8/site-packages:${PYTHONPATH} /usr/bin/python3 -W ignore:setup.py install is deprecated setup.py egg_info --egg-base ../../build/twist_ugv_cruiser build --build-base /home/jetson/ros2_ws/build/twist_ugv_cruiser/build install --record /home/jetson/ros2_ws/build/twist_ugv_cruiser/install.log --single-version-externally-managed install_data
[6.892s] running egg_info
[6.896s] writing ../../build/twist_ugv_cruiser/twist_ugv_cruiser.egg-info/PKG-INFO
[6.898s] writing dependency_links to ../../build/twist_ugv_cruiser/twist_ugv_cruiser.egg-info/dependency_links.txt
[6.899s] writing entry points to ../../build/twist_ugv_cruiser/twist_ugv_cruiser.egg-info/entry_points.txt
[6.900s] writing requirements to ../../build/twist_ugv_cruiser/twist_ugv_cruiser.egg-info/requires.txt
[6.900s] writing top-level names to ../../build/twist_ugv_cruiser/twist_ugv_cruiser.egg-info/top_level.txt
[6.918s] reading manifest file '../../build/twist_ugv_cruiser/twist_ugv_cruiser.egg-info/SOURCES.txt'
[6.923s] writing manifest file '../../build/twist_ugv_cruiser/twist_ugv_cruiser.egg-info/SOURCES.txt'
[6.925s] running build
[6.925s] running build_py
[6.926s] running install
[6.930s] running install_lib
[6.938s] running install_data
[6.939s] running install_egg_info
[6.948s] removing '/home/jetson/ros2_ws/install/twist_ugv_cruiser/lib/python3.8/site-packages/twist_ugv_cruiser-0.0.0-py3.8.egg-info' (and everything under it)
[6.950s] Copying ../../build/twist_ugv_cruiser/twist_ugv_cruiser.egg-info to /home/jetson/ros2_ws/install/twist_ugv_cruiser/lib/python3.8/site-packages/twist_ugv_cruiser-0.0.0-py3.8.egg-info
[6.955s] running install_scripts
[7.062s] Installing cruiser script to /home/jetson/ros2_ws/install/twist_ugv_cruiser/lib/twist_ugv_cruiser
[7.065s] writing list of installed files to '/home/jetson/ros2_ws/build/twist_ugv_cruiser/install.log'
[7.183s] Invoked command in '/home/jetson/ros2_ws/src/twist_ugv_cruiser' returned '0': PYTHONPATH=/home/jetson/ros2_ws/build/twist_ugv_cruiser/prefix_override:/usr/lib/python3/dist-packages/colcon_core/task/python/colcon_distutils_commands:/home/jetson/ros2_ws/install/twist_ugv_cruiser/lib/python3.8/site-packages:${PYTHONPATH} /usr/bin/python3 -W ignore:setup.py install is deprecated setup.py egg_info --egg-base ../../build/twist_ugv_cruiser build --build-base /home/jetson/ros2_ws/build/twist_ugv_cruiser/build install --record /home/jetson/ros2_ws/build/twist_ugv_cruiser/install.log --single-version-externally-managed install_data
