[5.774s] Invoking command in '/home/jetson/ros2_ws/src/pwmrelay': PYTHONPATH=/home/jetson/ros2_ws/build/pwmrelay/prefix_override:/usr/lib/python3/dist-packages/colcon_core/task/python/colcon_distutils_commands:/home/jetson/ros2_ws/install/pwmrelay/lib/python3.8/site-packages:${PYTHONPATH} /usr/bin/python3 -W ignore:setup.py install is deprecated setup.py egg_info --egg-base ../../build/pwmrelay build --build-base /home/jetson/ros2_ws/build/pwmrelay/build install --record /home/jetson/ros2_ws/build/pwmrelay/install.log --single-version-externally-managed install_data
[7.078s] running egg_info
[7.081s] writing ../../build/pwmrelay/pwmrelay.egg-info/PKG-INFO
[7.083s] writing dependency_links to ../../build/pwmrelay/pwmrelay.egg-info/dependency_links.txt
[7.083s] writing entry points to ../../build/pwmrelay/pwmrelay.egg-info/entry_points.txt
[7.084s] writing requirements to ../../build/pwmrelay/pwmrelay.egg-info/requires.txt
[7.084s] writing top-level names to ../../build/pwmrelay/pwmrelay.egg-info/top_level.txt
[7.098s] reading manifest file '../../build/pwmrelay/pwmrelay.egg-info/SOURCES.txt'
[7.102s] writing manifest file '../../build/pwmrelay/pwmrelay.egg-info/SOURCES.txt'
[7.102s] running build
[7.102s] running build_py
[7.103s] running install
[7.106s] running install_lib
[7.113s] running install_data
[7.114s] running install_egg_info
[7.120s] removing '/home/jetson/ros2_ws/install/pwmrelay/lib/python3.8/site-packages/pwmrelay-0.0.0-py3.8.egg-info' (and everything under it)
[7.121s] Copying ../../build/pwmrelay/pwmrelay.egg-info to /home/jetson/ros2_ws/install/pwmrelay/lib/python3.8/site-packages/pwmrelay-0.0.0-py3.8.egg-info
[7.126s] running install_scripts
[7.216s] Installing pwmrelay script to /home/jetson/ros2_ws/install/pwmrelay/lib/pwmrelay
[7.217s] writing list of installed files to '/home/jetson/ros2_ws/build/pwmrelay/install.log'
[7.348s] Invoked command in '/home/jetson/ros2_ws/src/pwmrelay' returned '0': PYTHONPATH=/home/jetson/ros2_ws/build/pwmrelay/prefix_override:/usr/lib/python3/dist-packages/colcon_core/task/python/colcon_distutils_commands:/home/jetson/ros2_ws/install/pwmrelay/lib/python3.8/site-packages:${PYTHONPATH} /usr/bin/python3 -W ignore:setup.py install is deprecated setup.py egg_info --egg-base ../../build/pwmrelay build --build-base /home/jetson/ros2_ws/build/pwmrelay/build install --record /home/jetson/ros2_ws/build/pwmrelay/install.log --single-version-externally-managed install_data
