[6.183s] Invoking command in '/home/jetson/ros2_ws/src/pwmrelay': PYTHONPATH=/home/jetson/ros2_ws/build/pwmrelay/prefix_override:/usr/lib/python3/dist-packages/colcon_core/task/python/colcon_distutils_commands:/home/jetson/ros2_ws/install/pwmrelay/lib/python3.8/site-packages:${PYTHONPATH} /usr/bin/python3 -W ignore:setup.py install is deprecated setup.py egg_info --egg-base ../../build/pwmrelay build --build-base /home/jetson/ros2_ws/build/pwmrelay/build install --record /home/jetson/ros2_ws/build/pwmrelay/install.log --single-version-externally-managed install_data
[7.448s] running egg_info
[7.450s] writing ../../build/pwmrelay/pwmrelay.egg-info/PKG-INFO
[7.452s] writing dependency_links to ../../build/pwmrelay/pwmrelay.egg-info/dependency_links.txt
[7.453s] writing entry points to ../../build/pwmrelay/pwmrelay.egg-info/entry_points.txt
[7.453s] writing requirements to ../../build/pwmrelay/pwmrelay.egg-info/requires.txt
[7.454s] writing top-level names to ../../build/pwmrelay/pwmrelay.egg-info/top_level.txt
[7.468s] reading manifest file '../../build/pwmrelay/pwmrelay.egg-info/SOURCES.txt'
[7.473s] writing manifest file '../../build/pwmrelay/pwmrelay.egg-info/SOURCES.txt'
[7.473s] running build
[7.474s] running build_py
[7.477s] running install
[7.479s] running install_lib
[7.491s] running install_data
[7.492s] running install_egg_info
[7.499s] removing '/home/jetson/ros2_ws/install/pwmrelay/lib/python3.8/site-packages/pwmrelay-0.0.0-py3.8.egg-info' (and everything under it)
[7.501s] Copying ../../build/pwmrelay/pwmrelay.egg-info to /home/jetson/ros2_ws/install/pwmrelay/lib/python3.8/site-packages/pwmrelay-0.0.0-py3.8.egg-info
[7.510s] running install_scripts
[7.594s] Installing pwmrelay script to /home/jetson/ros2_ws/install/pwmrelay/lib/pwmrelay
[7.602s] writing list of installed files to '/home/jetson/ros2_ws/build/pwmrelay/install.log'
[7.794s] Invoked command in '/home/jetson/ros2_ws/src/pwmrelay' returned '0': PYTHONPATH=/home/jetson/ros2_ws/build/pwmrelay/prefix_override:/usr/lib/python3/dist-packages/colcon_core/task/python/colcon_distutils_commands:/home/jetson/ros2_ws/install/pwmrelay/lib/python3.8/site-packages:${PYTHONPATH} /usr/bin/python3 -W ignore:setup.py install is deprecated setup.py egg_info --egg-base ../../build/pwmrelay build --build-base /home/jetson/ros2_ws/build/pwmrelay/build install --record /home/jetson/ros2_ws/build/pwmrelay/install.log --single-version-externally-managed install_data
