[8.066s] Invoking command in '/home/jetson/ros2_ws/src/pwmrelay': PYTHONPATH=/home/jetson/ros2_ws/build/pwmrelay/prefix_override:/usr/lib/python3/dist-packages/colcon_core/task/python/colcon_distutils_commands:/home/jetson/ros2_ws/install/pwmrelay/lib/python3.8/site-packages:${PYTHONPATH} /usr/bin/python3 -W ignore:setup.py install is deprecated setup.py egg_info --egg-base ../../build/pwmrelay build --build-base /home/jetson/ros2_ws/build/pwmrelay/build install --record /home/jetson/ros2_ws/build/pwmrelay/install.log --single-version-externally-managed install_data
[10.291s] running egg_info
[10.295s] writing ../../build/pwmrelay/pwmrelay.egg-info/PKG-INFO
[10.298s] writing dependency_links to ../../build/pwmrelay/pwmrelay.egg-info/dependency_links.txt
[10.299s] writing entry points to ../../build/pwmrelay/pwmrelay.egg-info/entry_points.txt
[10.300s] writing requirements to ../../build/pwmrelay/pwmrelay.egg-info/requires.txt
[10.300s] writing top-level names to ../../build/pwmrelay/pwmrelay.egg-info/top_level.txt
[10.326s] reading manifest file '../../build/pwmrelay/pwmrelay.egg-info/SOURCES.txt'
[10.332s] writing manifest file '../../build/pwmrelay/pwmrelay.egg-info/SOURCES.txt'
[10.333s] running build
[10.334s] running build_py
[10.342s] running install
[10.348s] running install_lib
[10.365s] running install_data
[10.367s] running install_egg_info
[10.380s] removing '/home/jetson/ros2_ws/install/pwmrelay/lib/python3.8/site-packages/pwmrelay-0.0.0-py3.8.egg-info' (and everything under it)
[10.383s] Copying ../../build/pwmrelay/pwmrelay.egg-info to /home/jetson/ros2_ws/install/pwmrelay/lib/python3.8/site-packages/pwmrelay-0.0.0-py3.8.egg-info
[10.395s] running install_scripts
[10.513s] Installing pwmrelay script to /home/jetson/ros2_ws/install/pwmrelay/lib/pwmrelay
[10.517s] writing list of installed files to '/home/jetson/ros2_ws/build/pwmrelay/install.log'
[10.795s] Invoked command in '/home/jetson/ros2_ws/src/pwmrelay' returned '0': PYTHONPATH=/home/jetson/ros2_ws/build/pwmrelay/prefix_override:/usr/lib/python3/dist-packages/colcon_core/task/python/colcon_distutils_commands:/home/jetson/ros2_ws/install/pwmrelay/lib/python3.8/site-packages:${PYTHONPATH} /usr/bin/python3 -W ignore:setup.py install is deprecated setup.py egg_info --egg-base ../../build/pwmrelay build --build-base /home/jetson/ros2_ws/build/pwmrelay/build install --record /home/jetson/ros2_ws/build/pwmrelay/install.log --single-version-externally-managed install_data
