[6.234s] Invoking command in '/home/jetson/ros2_ws/src/pwmrelay': PYTHONPATH=/home/jetson/ros2_ws/build/pwmrelay/prefix_override:/usr/lib/python3/dist-packages/colcon_core/task/python/colcon_distutils_commands:/home/jetson/ros2_ws/install/pwmrelay/lib/python3.8/site-packages:${PYTHONPATH} /usr/bin/python3 -W ignore:setup.py install is deprecated setup.py egg_info --egg-base ../../build/pwmrelay build --build-base /home/jetson/ros2_ws/build/pwmrelay/build install --record /home/jetson/ros2_ws/build/pwmrelay/install.log --single-version-externally-managed install_data
[7.514s] running egg_info
[7.516s] writing ../../build/pwmrelay/pwmrelay.egg-info/PKG-INFO
[7.518s] writing dependency_links to ../../build/pwmrelay/pwmrelay.egg-info/dependency_links.txt
[7.519s] writing entry points to ../../build/pwmrelay/pwmrelay.egg-info/entry_points.txt
[7.520s] writing requirements to ../../build/pwmrelay/pwmrelay.egg-info/requires.txt
[7.520s] writing top-level names to ../../build/pwmrelay/pwmrelay.egg-info/top_level.txt
[7.536s] reading manifest file '../../build/pwmrelay/pwmrelay.egg-info/SOURCES.txt'
[7.542s] writing manifest file '../../build/pwmrelay/pwmrelay.egg-info/SOURCES.txt'
[7.542s] running build
[7.543s] running build_py
[7.549s] running install
[7.551s] running install_lib
[7.558s] running install_data
[7.559s] running install_egg_info
[7.566s] removing '/home/jetson/ros2_ws/install/pwmrelay/lib/python3.8/site-packages/pwmrelay-0.0.0-py3.8.egg-info' (and everything under it)
[7.568s] Copying ../../build/pwmrelay/pwmrelay.egg-info to /home/jetson/ros2_ws/install/pwmrelay/lib/python3.8/site-packages/pwmrelay-0.0.0-py3.8.egg-info
[7.573s] running install_scripts
[7.654s] Installing pwmrelay script to /home/jetson/ros2_ws/install/pwmrelay/lib/pwmrelay
[7.663s] writing list of installed files to '/home/jetson/ros2_ws/build/pwmrelay/install.log'
[7.859s] Invoked command in '/home/jetson/ros2_ws/src/pwmrelay' returned '0': PYTHONPATH=/home/jetson/ros2_ws/build/pwmrelay/prefix_override:/usr/lib/python3/dist-packages/colcon_core/task/python/colcon_distutils_commands:/home/jetson/ros2_ws/install/pwmrelay/lib/python3.8/site-packages:${PYTHONPATH} /usr/bin/python3 -W ignore:setup.py install is deprecated setup.py egg_info --egg-base ../../build/pwmrelay build --build-base /home/jetson/ros2_ws/build/pwmrelay/build install --record /home/jetson/ros2_ws/build/pwmrelay/install.log --single-version-externally-managed install_data
