[7.362s] Invoking command in '/home/jetson/ros2_ws/src/pwmrelay': PYTHONPATH=/home/jetson/ros2_ws/build/pwmrelay/prefix_override:/usr/lib/python3/dist-packages/colcon_core/task/python/colcon_distutils_commands:/home/jetson/ros2_ws/install/pwmrelay/lib/python3.8/site-packages:${PYTHONPATH} /usr/bin/python3 -W ignore:setup.py install is deprecated setup.py egg_info --egg-base ../../build/pwmrelay build --build-base /home/jetson/ros2_ws/build/pwmrelay/build install --record /home/jetson/ros2_ws/build/pwmrelay/install.log --single-version-externally-managed install_data
[9.384s] running egg_info
[9.388s] writing ../../build/pwmrelay/pwmrelay.egg-info/PKG-INFO
[9.398s] writing dependency_links to ../../build/pwmrelay/pwmrelay.egg-info/dependency_links.txt
[9.400s] writing entry points to ../../build/pwmrelay/pwmrelay.egg-info/entry_points.txt
[9.402s] writing requirements to ../../build/pwmrelay/pwmrelay.egg-info/requires.txt
[9.403s] writing top-level names to ../../build/pwmrelay/pwmrelay.egg-info/top_level.txt
[9.441s] reading manifest file '../../build/pwmrelay/pwmrelay.egg-info/SOURCES.txt'
[9.459s] writing manifest file '../../build/pwmrelay/pwmrelay.egg-info/SOURCES.txt'
[9.461s] running build
[9.462s] running build_py
[9.476s] running install
[9.478s] running install_lib
[9.495s] running install_data
[9.499s] running install_egg_info
[9.510s] removing '/home/jetson/ros2_ws/install/pwmrelay/lib/python3.8/site-packages/pwmrelay-0.0.0-py3.8.egg-info' (and everything under it)
[9.513s] Copying ../../build/pwmrelay/pwmrelay.egg-info to /home/jetson/ros2_ws/install/pwmrelay/lib/python3.8/site-packages/pwmrelay-0.0.0-py3.8.egg-info
[9.526s] running install_scripts
[9.648s] Installing pwmrelay script to /home/jetson/ros2_ws/install/pwmrelay/lib/pwmrelay
[9.658s] writing list of installed files to '/home/jetson/ros2_ws/build/pwmrelay/install.log'
[9.874s] Invoked command in '/home/jetson/ros2_ws/src/pwmrelay' returned '0': PYTHONPATH=/home/jetson/ros2_ws/build/pwmrelay/prefix_override:/usr/lib/python3/dist-packages/colcon_core/task/python/colcon_distutils_commands:/home/jetson/ros2_ws/install/pwmrelay/lib/python3.8/site-packages:${PYTHONPATH} /usr/bin/python3 -W ignore:setup.py install is deprecated setup.py egg_info --egg-base ../../build/pwmrelay build --build-base /home/jetson/ros2_ws/build/pwmrelay/build install --record /home/jetson/ros2_ws/build/pwmrelay/install.log --single-version-externally-managed install_data
