[5.781s] Invoking command in '/home/jetson/ros2_ws/src/pwmrelay': PYTHONPATH=/home/jetson/ros2_ws/build/pwmrelay/prefix_override:/usr/lib/python3/dist-packages/colcon_core/task/python/colcon_distutils_commands:/home/jetson/ros2_ws/install/pwmrelay/lib/python3.8/site-packages:${PYTHONPATH} /usr/bin/python3 -W ignore:setup.py install is deprecated setup.py egg_info --egg-base ../../build/pwmrelay build --build-base /home/jetson/ros2_ws/build/pwmrelay/build install --record /home/jetson/ros2_ws/build/pwmrelay/install.log --single-version-externally-managed install_data
[7.070s] running egg_info
[7.072s] writing ../../build/pwmrelay/pwmrelay.egg-info/PKG-INFO
[7.075s] writing dependency_links to ../../build/pwmrelay/pwmrelay.egg-info/dependency_links.txt
[7.076s] writing entry points to ../../build/pwmrelay/pwmrelay.egg-info/entry_points.txt
[7.077s] writing requirements to ../../build/pwmrelay/pwmrelay.egg-info/requires.txt
[7.078s] writing top-level names to ../../build/pwmrelay/pwmrelay.egg-info/top_level.txt
[7.088s] reading manifest file '../../build/pwmrelay/pwmrelay.egg-info/SOURCES.txt'
[7.093s] writing manifest file '../../build/pwmrelay/pwmrelay.egg-info/SOURCES.txt'
[7.094s] running build
[7.094s] running build_py
[7.095s] running install
[7.097s] running install_lib
[7.103s] running install_data
[7.104s] running install_egg_info
[7.110s] removing '/home/jetson/ros2_ws/install/pwmrelay/lib/python3.8/site-packages/pwmrelay-0.0.0-py3.8.egg-info' (and everything under it)
[7.112s] Copying ../../build/pwmrelay/pwmrelay.egg-info to /home/jetson/ros2_ws/install/pwmrelay/lib/python3.8/site-packages/pwmrelay-0.0.0-py3.8.egg-info
[7.115s] running install_scripts
[7.197s] Installing pwmrelay script to /home/jetson/ros2_ws/install/pwmrelay/lib/pwmrelay
[7.198s] writing list of installed files to '/home/jetson/ros2_ws/build/pwmrelay/install.log'
[7.353s] Invoked command in '/home/jetson/ros2_ws/src/pwmrelay' returned '0': PYTHONPATH=/home/jetson/ros2_ws/build/pwmrelay/prefix_override:/usr/lib/python3/dist-packages/colcon_core/task/python/colcon_distutils_commands:/home/jetson/ros2_ws/install/pwmrelay/lib/python3.8/site-packages:${PYTHONPATH} /usr/bin/python3 -W ignore:setup.py install is deprecated setup.py egg_info --egg-base ../../build/pwmrelay build --build-base /home/jetson/ros2_ws/build/pwmrelay/build install --record /home/jetson/ros2_ws/build/pwmrelay/install.log --single-version-externally-managed install_data
