running egg_info
writing ../build/twist_ugv_cruiser/twist_ugv_cruiser.egg-info/PKG-INFO
writing dependency_links to ../build/twist_ugv_cruiser/twist_ugv_cruiser.egg-info/dependency_links.txt
writing entry points to ../build/twist_ugv_cruiser/twist_ugv_cruiser.egg-info/entry_points.txt
writing requirements to ../build/twist_ugv_cruiser/twist_ugv_cruiser.egg-info/requires.txt
writing top-level names to ../build/twist_ugv_cruiser/twist_ugv_cruiser.egg-info/top_level.txt
reading manifest file '../build/twist_ugv_cruiser/twist_ugv_cruiser.egg-info/SOURCES.txt'
writing manifest file '../build/twist_ugv_cruiser/twist_ugv_cruiser.egg-info/SOURCES.txt'
running build
running build_py
running install
running install_lib
byte-compiling /home/jetson/ros2_ws/src/install/twist_ugv_cruiser/lib/python3.8/site-packages/twist_ugv_cruiser/cruiser.py to cruiser.cpython-38.pyc
byte-compiling /home/jetson/ros2_ws/src/install/twist_ugv_cruiser/lib/python3.8/site-packages/twist_ugv_cruiser/__init__.py to __init__.cpython-38.pyc
running install_data
copying resource/twist_ugv_cruiser -> /home/jetson/ros2_ws/src/install/twist_ugv_cruiser/share/ament_index/resource_index/packages
copying package.xml -> /home/jetson/ros2_ws/src/install/twist_ugv_cruiser/share/twist_ugv_cruiser
running install_egg_info
Copying ../build/twist_ugv_cruiser/twist_ugv_cruiser.egg-info to /home/jetson/ros2_ws/src/install/twist_ugv_cruiser/lib/python3.8/site-packages/twist_ugv_cruiser-0.0.0-py3.8.egg-info
running install_scripts
Installing cruiser script to /home/jetson/ros2_ws/src/install/twist_ugv_cruiser/lib/twist_ugv_cruiser
writing list of installed files to '/home/jetson/ros2_ws/src/build/twist_ugv_cruiser/install.log'
