[7.318s] Invoking command in '/home/jetson/ros2_ws/src/serial_to_ros2': PYTHONPATH=/home/jetson/ros2_ws/build/serial_to_ros2/prefix_override:/usr/lib/python3/dist-packages/colcon_core/task/python/colcon_distutils_commands:/home/jetson/ros2_ws/install/serial_to_ros2/lib/python3.8/site-packages:${PYTHONPATH} /usr/bin/python3 -W ignore:setup.py install is deprecated setup.py egg_info --egg-base ../../build/serial_to_ros2 build --build-base /home/jetson/ros2_ws/build/serial_to_ros2/build install --record /home/jetson/ros2_ws/build/serial_to_ros2/install.log --single-version-externally-managed install_data
[9.332s] running egg_info
[9.336s] creating ../../build/serial_to_ros2/serial_to_ros2.egg-info
[9.337s] writing ../../build/serial_to_ros2/serial_to_ros2.egg-info/PKG-INFO
[9.338s] writing dependency_links to ../../build/serial_to_ros2/serial_to_ros2.egg-info/dependency_links.txt
[9.339s] writing entry points to ../../build/serial_to_ros2/serial_to_ros2.egg-info/entry_points.txt
[9.339s] writing requirements to ../../build/serial_to_ros2/serial_to_ros2.egg-info/requires.txt
[9.340s] writing top-level names to ../../build/serial_to_ros2/serial_to_ros2.egg-info/top_level.txt
[9.349s] writing manifest file '../../build/serial_to_ros2/serial_to_ros2.egg-info/SOURCES.txt'
[9.359s] reading manifest file '../../build/serial_to_ros2/serial_to_ros2.egg-info/SOURCES.txt'
[9.364s] writing manifest file '../../build/serial_to_ros2/serial_to_ros2.egg-info/SOURCES.txt'
[9.365s] running build
[9.366s] running build_py
[9.367s] creating /home/jetson/ros2_ws/build/serial_to_ros2/build
[9.367s] creating /home/jetson/ros2_ws/build/serial_to_ros2/build/lib
[9.368s] creating /home/jetson/ros2_ws/build/serial_to_ros2/build/lib/serial_to_ros2
[9.369s] copying serial_to_ros2/serial_publisher.py -> /home/jetson/ros2_ws/build/serial_to_ros2/build/lib/serial_to_ros2
[9.369s] copying serial_to_ros2/__init__.py -> /home/jetson/ros2_ws/build/serial_to_ros2/build/lib/serial_to_ros2
[9.372s] running install
[9.372s] running install_lib
[9.378s] creating /home/jetson/ros2_ws/install/serial_to_ros2/lib/python3.8/site-packages/serial_to_ros2
[9.378s] copying /home/jetson/ros2_ws/build/serial_to_ros2/build/lib/serial_to_ros2/serial_publisher.py -> /home/jetson/ros2_ws/install/serial_to_ros2/lib/python3.8/site-packages/serial_to_ros2
[9.379s] copying /home/jetson/ros2_ws/build/serial_to_ros2/build/lib/serial_to_ros2/__init__.py -> /home/jetson/ros2_ws/install/serial_to_ros2/lib/python3.8/site-packages/serial_to_ros2
[9.381s] byte-compiling /home/jetson/ros2_ws/install/serial_to_ros2/lib/python3.8/site-packages/serial_to_ros2/serial_publisher.py to serial_publisher.cpython-38.pyc
[9.385s] byte-compiling /home/jetson/ros2_ws/install/serial_to_ros2/lib/python3.8/site-packages/serial_to_ros2/__init__.py to __init__.cpython-38.pyc
[9.389s] running install_data
[9.389s] creating /home/jetson/ros2_ws/install/serial_to_ros2/share/ament_index
[9.390s] creating /home/jetson/ros2_ws/install/serial_to_ros2/share/ament_index/resource_index
[9.390s] creating /home/jetson/ros2_ws/install/serial_to_ros2/share/ament_index/resource_index/packages
[9.391s] copying resource/serial_to_ros2 -> /home/jetson/ros2_ws/install/serial_to_ros2/share/ament_index/resource_index/packages
[9.391s] copying package.xml -> /home/jetson/ros2_ws/install/serial_to_ros2/share/serial_to_ros2
[9.392s] running install_egg_info
[9.398s] Copying ../../build/serial_to_ros2/serial_to_ros2.egg-info to /home/jetson/ros2_ws/install/serial_to_ros2/lib/python3.8/site-packages/serial_to_ros2-0.0.0-py3.8.egg-info
[9.402s] running install_scripts
[9.513s] Installing serial_to_ros2_node script to /home/jetson/ros2_ws/install/serial_to_ros2/lib/serial_to_ros2
[9.515s] writing list of installed files to '/home/jetson/ros2_ws/build/serial_to_ros2/install.log'
[9.644s] Invoked command in '/home/jetson/ros2_ws/src/serial_to_ros2' returned '0': PYTHONPATH=/home/jetson/ros2_ws/build/serial_to_ros2/prefix_override:/usr/lib/python3/dist-packages/colcon_core/task/python/colcon_distutils_commands:/home/jetson/ros2_ws/install/serial_to_ros2/lib/python3.8/site-packages:${PYTHONPATH} /usr/bin/python3 -W ignore:setup.py install is deprecated setup.py egg_info --egg-base ../../build/serial_to_ros2 build --build-base /home/jetson/ros2_ws/build/serial_to_ros2/build install --record /home/jetson/ros2_ws/build/serial_to_ros2/install.log --single-version-externally-managed install_data
