[3.517s] Invoking command in '/home/jetson/ros2_ws/src/twist_ugv_cruiser': PYTHONPATH=/home/jetson/ros2_ws/src/build/twist_ugv_cruiser/prefix_override:/usr/lib/python3/dist-packages/colcon_core/task/python/colcon_distutils_commands:/home/jetson/ros2_ws/src/install/twist_ugv_cruiser/lib/python3.8/site-packages:${PYTHONPATH} /usr/bin/python3 -W ignore:setup.py install is deprecated setup.py egg_info --egg-base ../build/twist_ugv_cruiser build --build-base /home/jetson/ros2_ws/src/build/twist_ugv_cruiser/build install --record /home/jetson/ros2_ws/src/build/twist_ugv_cruiser/install.log --single-version-externally-managed install_data
[4.755s] running egg_info
[4.757s] creating ../build/twist_ugv_cruiser/twist_ugv_cruiser.egg-info
[4.758s] writing ../build/twist_ugv_cruiser/twist_ugv_cruiser.egg-info/PKG-INFO
[4.759s] writing dependency_links to ../build/twist_ugv_cruiser/twist_ugv_cruiser.egg-info/dependency_links.txt
[4.759s] writing entry points to ../build/twist_ugv_cruiser/twist_ugv_cruiser.egg-info/entry_points.txt
[4.760s] writing requirements to ../build/twist_ugv_cruiser/twist_ugv_cruiser.egg-info/requires.txt
[4.760s] writing top-level names to ../build/twist_ugv_cruiser/twist_ugv_cruiser.egg-info/top_level.txt
[4.775s] writing manifest file '../build/twist_ugv_cruiser/twist_ugv_cruiser.egg-info/SOURCES.txt'
[4.782s] reading manifest file '../build/twist_ugv_cruiser/twist_ugv_cruiser.egg-info/SOURCES.txt'
[4.785s] writing manifest file '../build/twist_ugv_cruiser/twist_ugv_cruiser.egg-info/SOURCES.txt'
[4.786s] running build
[4.786s] running build_py
[4.787s] creating /home/jetson/ros2_ws/src/build/twist_ugv_cruiser/build
[4.787s] creating /home/jetson/ros2_ws/src/build/twist_ugv_cruiser/build/lib
[4.787s] creating /home/jetson/ros2_ws/src/build/twist_ugv_cruiser/build/lib/twist_ugv_cruiser
[4.788s] copying twist_ugv_cruiser/cruiser.py -> /home/jetson/ros2_ws/src/build/twist_ugv_cruiser/build/lib/twist_ugv_cruiser
[4.788s] copying twist_ugv_cruiser/__init__.py -> /home/jetson/ros2_ws/src/build/twist_ugv_cruiser/build/lib/twist_ugv_cruiser
[4.788s] running install
[4.790s] running install_lib
[4.794s] creating /home/jetson/ros2_ws/src/install/twist_ugv_cruiser/lib/python3.8/site-packages/twist_ugv_cruiser
[4.795s] copying /home/jetson/ros2_ws/src/build/twist_ugv_cruiser/build/lib/twist_ugv_cruiser/cruiser.py -> /home/jetson/ros2_ws/src/install/twist_ugv_cruiser/lib/python3.8/site-packages/twist_ugv_cruiser
[4.795s] copying /home/jetson/ros2_ws/src/build/twist_ugv_cruiser/build/lib/twist_ugv_cruiser/__init__.py -> /home/jetson/ros2_ws/src/install/twist_ugv_cruiser/lib/python3.8/site-packages/twist_ugv_cruiser
[4.796s] byte-compiling /home/jetson/ros2_ws/src/install/twist_ugv_cruiser/lib/python3.8/site-packages/twist_ugv_cruiser/cruiser.py to cruiser.cpython-38.pyc
[4.799s] byte-compiling /home/jetson/ros2_ws/src/install/twist_ugv_cruiser/lib/python3.8/site-packages/twist_ugv_cruiser/__init__.py to __init__.cpython-38.pyc
[4.800s] running install_data
[4.801s] creating /home/jetson/ros2_ws/src/install/twist_ugv_cruiser/share/ament_index
[4.801s] creating /home/jetson/ros2_ws/src/install/twist_ugv_cruiser/share/ament_index/resource_index
[4.801s] creating /home/jetson/ros2_ws/src/install/twist_ugv_cruiser/share/ament_index/resource_index/packages
[4.802s] copying resource/twist_ugv_cruiser -> /home/jetson/ros2_ws/src/install/twist_ugv_cruiser/share/ament_index/resource_index/packages
[4.802s] copying package.xml -> /home/jetson/ros2_ws/src/install/twist_ugv_cruiser/share/twist_ugv_cruiser
[4.802s] running install_egg_info
[4.808s] Copying ../build/twist_ugv_cruiser/twist_ugv_cruiser.egg-info to /home/jetson/ros2_ws/src/install/twist_ugv_cruiser/lib/python3.8/site-packages/twist_ugv_cruiser-0.0.0-py3.8.egg-info
[4.811s] running install_scripts
[4.881s] Installing cruiser script to /home/jetson/ros2_ws/src/install/twist_ugv_cruiser/lib/twist_ugv_cruiser
[4.882s] writing list of installed files to '/home/jetson/ros2_ws/src/build/twist_ugv_cruiser/install.log'
[4.980s] Invoked command in '/home/jetson/ros2_ws/src/twist_ugv_cruiser' returned '0': PYTHONPATH=/home/jetson/ros2_ws/src/build/twist_ugv_cruiser/prefix_override:/usr/lib/python3/dist-packages/colcon_core/task/python/colcon_distutils_commands:/home/jetson/ros2_ws/src/install/twist_ugv_cruiser/lib/python3.8/site-packages:${PYTHONPATH} /usr/bin/python3 -W ignore:setup.py install is deprecated setup.py egg_info --egg-base ../build/twist_ugv_cruiser build --build-base /home/jetson/ros2_ws/src/build/twist_ugv_cruiser/build install --record /home/jetson/ros2_ws/src/build/twist_ugv_cruiser/install.log --single-version-externally-managed install_data
