[0.913s] DEBUG:colcon:Command line arguments: ['/usr/bin/colcon', 'build', '--packages-select', 'twist_ugv_cruiser']
[0.914s] DEBUG:colcon:Parsed command line arguments: Namespace(allow_overriding=[], ament_cmake_args=None, base_paths=['.'], build_base='build', catkin_cmake_args=None, catkin_skip_building_tests=False, cmake_args=None, cmake_clean_cache=False, cmake_clean_first=False, cmake_force_configure=False, cmake_target=None, cmake_target_skip_unavailable=False, continue_on_error=False, event_handlers=None, executor='parallel', ignore_user_meta=False, install_base='install', log_base=None, log_level=None, main=<bound method BuildVerb.main of <colcon_core.verb.build.BuildVerb object at 0x7f844bd580>>, merge_install=False, metas=['./colcon.meta'], packages_above=None, packages_above_and_dependencies=None, packages_above_depth=None, packages_end=None, packages_ignore=None, packages_ignore_regex=None, packages_select=['twist_ugv_cruiser'], packages_select_build_failed=False, packages_select_by_dep=None, packages_select_regex=None, packages_select_test_failures=False, packages_skip=None, packages_skip_build_finished=False, packages_skip_by_dep=None, packages_skip_regex=None, packages_skip_test_passed=False, packages_skip_up_to=None, packages_start=None, packages_up_to=None, packages_up_to_regex=None, parallel_workers=4, paths=None, symlink_install=False, test_result_base=None, verb_extension=<colcon_core.verb.build.BuildVerb object at 0x7f844bd580>, verb_name='build', verb_parser=<colcon_defaults.argument_parser.defaults.DefaultArgumentsDecorator object at 0x7f8443b580>)
[1.784s] Level 1:colcon.colcon_core.package_discovery:discover_packages(colcon_meta) check parameters
[1.785s] Level 1:colcon.colcon_core.package_discovery:discover_packages(recursive) check parameters
[1.785s] Level 1:colcon.colcon_core.package_discovery:discover_packages(ignore) check parameters
[1.785s] Level 1:colcon.colcon_core.package_discovery:discover_packages(path) check parameters
[1.785s] Level 1:colcon.colcon_core.package_discovery:discover_packages(colcon_meta) discover
[1.785s] Level 1:colcon.colcon_core.package_discovery:discover_packages(recursive) discover
[1.785s] INFO:colcon.colcon_core.package_discovery:Crawling recursively for packages in '/home/jetson/ros2_ws/src'
[1.786s] Level 1:colcon.colcon_core.package_identification:_identify(.) by extensions ['ignore', 'ignore_ament_install']
[1.786s] Level 1:colcon.colcon_core.package_identification:_identify(.) by extension 'ignore'
[1.786s] Level 1:colcon.colcon_core.package_identification:_identify(.) by extension 'ignore_ament_install'
[1.787s] Level 1:colcon.colcon_core.package_identification:_identify(.) by extensions ['colcon_pkg']
[1.787s] Level 1:colcon.colcon_core.package_identification:_identify(.) by extension 'colcon_pkg'
[1.787s] Level 1:colcon.colcon_core.package_identification:_identify(.) by extensions ['colcon_meta']
[1.787s] Level 1:colcon.colcon_core.package_identification:_identify(.) by extension 'colcon_meta'
[1.787s] Level 1:colcon.colcon_core.package_identification:_identify(.) by extensions ['ros']
[1.787s] Level 1:colcon.colcon_core.package_identification:_identify(.) by extension 'ros'
[1.835s] Level 1:colcon.colcon_core.package_identification:_identify(.) by extensions ['cmake', 'python']
[1.835s] Level 1:colcon.colcon_core.package_identification:_identify(.) by extension 'cmake'
[1.836s] Level 1:colcon.colcon_core.package_identification:_identify(.) by extension 'python'
[1.836s] Level 1:colcon.colcon_core.package_identification:_identify(.) by extensions ['python_setup_py']
[1.836s] Level 1:colcon.colcon_core.package_identification:_identify(.) by extension 'python_setup_py'
[1.836s] Level 1:colcon.colcon_core.package_identification:_identify(build) by extensions ['ignore', 'ignore_ament_install']
[1.837s] Level 1:colcon.colcon_core.package_identification:_identify(build) by extension 'ignore'
[1.837s] Level 1:colcon.colcon_core.package_identification:_identify(build) ignored
[1.837s] Level 1:colcon.colcon_core.package_identification:_identify(install) by extensions ['ignore', 'ignore_ament_install']
[1.838s] Level 1:colcon.colcon_core.package_identification:_identify(install) by extension 'ignore'
[1.838s] Level 1:colcon.colcon_core.package_identification:_identify(install) ignored
[1.838s] Level 1:colcon.colcon_core.package_identification:_identify(log) by extensions ['ignore', 'ignore_ament_install']
[1.839s] Level 1:colcon.colcon_core.package_identification:_identify(log) by extension 'ignore'
[1.839s] Level 1:colcon.colcon_core.package_identification:_identify(log) ignored
[1.839s] Level 1:colcon.colcon_core.package_identification:_identify(twist_ugv_cruiser) by extensions ['ignore', 'ignore_ament_install']
[1.839s] Level 1:colcon.colcon_core.package_identification:_identify(twist_ugv_cruiser) by extension 'ignore'
[1.840s] Level 1:colcon.colcon_core.package_identification:_identify(twist_ugv_cruiser) by extension 'ignore_ament_install'
[1.840s] Level 1:colcon.colcon_core.package_identification:_identify(twist_ugv_cruiser) by extensions ['colcon_pkg']
[1.840s] Level 1:colcon.colcon_core.package_identification:_identify(twist_ugv_cruiser) by extension 'colcon_pkg'
[1.840s] Level 1:colcon.colcon_core.package_identification:_identify(twist_ugv_cruiser) by extensions ['colcon_meta']
[1.840s] Level 1:colcon.colcon_core.package_identification:_identify(twist_ugv_cruiser) by extension 'colcon_meta'
[1.841s] Level 1:colcon.colcon_core.package_identification:_identify(twist_ugv_cruiser) by extensions ['ros']
[1.841s] Level 1:colcon.colcon_core.package_identification:_identify(twist_ugv_cruiser) by extension 'ros'
[1.850s] DEBUG:colcon.colcon_core.package_identification:Package 'twist_ugv_cruiser' with type 'ros.ament_python' and name 'twist_ugv_cruiser'
[1.851s] Level 1:colcon.colcon_core.package_discovery:discover_packages(recursive) using defaults
[1.851s] Level 1:colcon.colcon_core.package_discovery:discover_packages(ignore) discover
[1.851s] Level 1:colcon.colcon_core.package_discovery:discover_packages(ignore) using defaults
[1.851s] Level 1:colcon.colcon_core.package_discovery:discover_packages(path) discover
[1.851s] Level 1:colcon.colcon_core.package_discovery:discover_packages(path) using defaults
[1.924s] Level 1:colcon.colcon_core.package_discovery:discover_packages(prefix_path) check parameters
[1.924s] Level 1:colcon.colcon_core.package_discovery:discover_packages(prefix_path) discover
[1.927s] WARNING:colcon.colcon_ros.prefix_path.ament:The path '/home/jetson/ros2_ws/src/install/twist_ugv_cruiser' in the environment variable AMENT_PREFIX_PATH doesn't exist
[1.930s] DEBUG:colcon.colcon_installed_package_information.package_discovery:Found 0 installed packages in /home/jetson/ros2_ws/src/install
[1.936s] DEBUG:colcon.colcon_installed_package_information.package_discovery:Found 270 installed packages in /opt/ros/humble
[1.945s] Level 1:colcon.colcon_core.package_discovery:discover_packages(prefix_path) using defaults
[2.314s] Level 5:colcon.colcon_core.verb:set package 'twist_ugv_cruiser' build argument 'cmake_args' from command line to 'None'
[2.315s] Level 5:colcon.colcon_core.verb:set package 'twist_ugv_cruiser' build argument 'cmake_target' from command line to 'None'
[2.315s] Level 5:colcon.colcon_core.verb:set package 'twist_ugv_cruiser' build argument 'cmake_target_skip_unavailable' from command line to 'False'
[2.315s] Level 5:colcon.colcon_core.verb:set package 'twist_ugv_cruiser' build argument 'cmake_clean_cache' from command line to 'False'
[2.315s] Level 5:colcon.colcon_core.verb:set package 'twist_ugv_cruiser' build argument 'cmake_clean_first' from command line to 'False'
[2.315s] Level 5:colcon.colcon_core.verb:set package 'twist_ugv_cruiser' build argument 'cmake_force_configure' from command line to 'False'
[2.315s] Level 5:colcon.colcon_core.verb:set package 'twist_ugv_cruiser' build argument 'ament_cmake_args' from command line to 'None'
[2.315s] Level 5:colcon.colcon_core.verb:set package 'twist_ugv_cruiser' build argument 'catkin_cmake_args' from command line to 'None'
[2.315s] Level 5:colcon.colcon_core.verb:set package 'twist_ugv_cruiser' build argument 'catkin_skip_building_tests' from command line to 'False'
[2.316s] DEBUG:colcon.colcon_core.verb:Building package 'twist_ugv_cruiser' with the following arguments: {'ament_cmake_args': None, 'build_base': '/home/jetson/ros2_ws/src/build/twist_ugv_cruiser', 'catkin_cmake_args': None, 'catkin_skip_building_tests': False, 'cmake_args': None, 'cmake_clean_cache': False, 'cmake_clean_first': False, 'cmake_force_configure': False, 'cmake_target': None, 'cmake_target_skip_unavailable': False, 'install_base': '/home/jetson/ros2_ws/src/install/twist_ugv_cruiser', 'merge_install': False, 'path': '/home/jetson/ros2_ws/src/twist_ugv_cruiser', 'symlink_install': False, 'test_result_base': None}
[2.316s] INFO:colcon.colcon_core.executor:Executing jobs using 'parallel' executor
[2.319s] DEBUG:colcon.colcon_parallel_executor.executor.parallel:run_until_complete
[2.320s] INFO:colcon.colcon_ros.task.ament_python.build:Building ROS package in '/home/jetson/ros2_ws/src/twist_ugv_cruiser' with build type 'ament_python'
[2.321s] Level 1:colcon.colcon_core.shell:create_environment_hook('twist_ugv_cruiser', 'ament_prefix_path')
[2.329s] INFO:colcon.colcon_core.plugin_system:Skipping extension 'colcon_core.shell.bat': Not used on non-Windows systems
[2.329s] INFO:colcon.colcon_core.shell:Creating environment hook '/home/jetson/ros2_ws/src/install/twist_ugv_cruiser/share/twist_ugv_cruiser/hook/ament_prefix_path.ps1'
[2.332s] INFO:colcon.colcon_core.shell:Creating environment descriptor '/home/jetson/ros2_ws/src/install/twist_ugv_cruiser/share/twist_ugv_cruiser/hook/ament_prefix_path.dsv'
[2.333s] INFO:colcon.colcon_core.shell:Creating environment hook '/home/jetson/ros2_ws/src/install/twist_ugv_cruiser/share/twist_ugv_cruiser/hook/ament_prefix_path.sh'
[2.336s] INFO:colcon.colcon_core.shell:Skip shell extension 'powershell' for command environment: Not usable outside of PowerShell
[2.336s] DEBUG:colcon.colcon_core.shell:Skip shell extension 'dsv' for command environment
[3.644s] INFO:colcon.colcon_core.task.python.build:Building Python package in '/home/jetson/ros2_ws/src/twist_ugv_cruiser'
[3.646s] INFO:colcon.colcon_core.shell:Skip shell extension 'powershell' for command environment: Not usable outside of PowerShell
[3.646s] DEBUG:colcon.colcon_core.shell:Skip shell extension 'dsv' for command environment
[5.447s] DEBUG:colcon.colcon_core.event_handler.log_command:Invoking command in '/home/jetson/ros2_ws/src/twist_ugv_cruiser': PYTHONPATH=/home/jetson/ros2_ws/src/build/twist_ugv_cruiser/prefix_override:/usr/lib/python3/dist-packages/colcon_core/task/python/colcon_distutils_commands:/home/jetson/ros2_ws/src/install/twist_ugv_cruiser/lib/python3.8/site-packages:${PYTHONPATH} /usr/bin/python3 -W ignore:setup.py install is deprecated setup.py egg_info --egg-base ../build/twist_ugv_cruiser build --build-base /home/jetson/ros2_ws/src/build/twist_ugv_cruiser/build install --record /home/jetson/ros2_ws/src/build/twist_ugv_cruiser/install.log --single-version-externally-managed install_data
[6.897s] DEBUG:colcon.colcon_core.event_handler.log_command:Invoked command in '/home/jetson/ros2_ws/src/twist_ugv_cruiser' returned '0': PYTHONPATH=/home/jetson/ros2_ws/src/build/twist_ugv_cruiser/prefix_override:/usr/lib/python3/dist-packages/colcon_core/task/python/colcon_distutils_commands:/home/jetson/ros2_ws/src/install/twist_ugv_cruiser/lib/python3.8/site-packages:${PYTHONPATH} /usr/bin/python3 -W ignore:setup.py install is deprecated setup.py egg_info --egg-base ../build/twist_ugv_cruiser build --build-base /home/jetson/ros2_ws/src/build/twist_ugv_cruiser/build install --record /home/jetson/ros2_ws/src/build/twist_ugv_cruiser/install.log --single-version-externally-managed install_data
[6.906s] Level 1:colcon.colcon_core.environment:checking '/home/jetson/ros2_ws/src/install/twist_ugv_cruiser' for CMake module files
[6.908s] Level 1:colcon.colcon_core.environment:checking '/home/jetson/ros2_ws/src/install/twist_ugv_cruiser' for CMake config files
[6.911s] Level 1:colcon.colcon_core.environment:checking '/home/jetson/ros2_ws/src/install/twist_ugv_cruiser/lib'
[6.911s] Level 1:colcon.colcon_core.environment:checking '/home/jetson/ros2_ws/src/install/twist_ugv_cruiser/bin'
[6.912s] Level 1:colcon.colcon_core.environment:checking '/home/jetson/ros2_ws/src/install/twist_ugv_cruiser/lib/pkgconfig/twist_ugv_cruiser.pc'
[6.912s] Level 1:colcon.colcon_core.environment:checking '/home/jetson/ros2_ws/src/install/twist_ugv_cruiser/lib/python3.8/site-packages'
[6.913s] Level 1:colcon.colcon_core.shell:create_environment_hook('twist_ugv_cruiser', 'pythonpath')
[6.914s] INFO:colcon.colcon_core.shell:Creating environment hook '/home/jetson/ros2_ws/src/install/twist_ugv_cruiser/share/twist_ugv_cruiser/hook/pythonpath.ps1'
[6.915s] INFO:colcon.colcon_core.shell:Creating environment descriptor '/home/jetson/ros2_ws/src/install/twist_ugv_cruiser/share/twist_ugv_cruiser/hook/pythonpath.dsv'
[6.916s] INFO:colcon.colcon_core.shell:Creating environment hook '/home/jetson/ros2_ws/src/install/twist_ugv_cruiser/share/twist_ugv_cruiser/hook/pythonpath.sh'
[6.918s] Level 1:colcon.colcon_core.environment:checking '/home/jetson/ros2_ws/src/install/twist_ugv_cruiser/bin'
[6.918s] Level 1:colcon.colcon_core.environment:create_environment_scripts_only(twist_ugv_cruiser)
[6.919s] INFO:colcon.colcon_core.shell:Creating package script '/home/jetson/ros2_ws/src/install/twist_ugv_cruiser/share/twist_ugv_cruiser/package.ps1'
[6.922s] INFO:colcon.colcon_core.shell:Creating package descriptor '/home/jetson/ros2_ws/src/install/twist_ugv_cruiser/share/twist_ugv_cruiser/package.dsv'
[6.924s] INFO:colcon.colcon_core.shell:Creating package script '/home/jetson/ros2_ws/src/install/twist_ugv_cruiser/share/twist_ugv_cruiser/package.sh'
[6.927s] INFO:colcon.colcon_core.shell:Creating package script '/home/jetson/ros2_ws/src/install/twist_ugv_cruiser/share/twist_ugv_cruiser/package.bash'
[6.930s] INFO:colcon.colcon_core.shell:Creating package script '/home/jetson/ros2_ws/src/install/twist_ugv_cruiser/share/twist_ugv_cruiser/package.zsh'
[6.932s] Level 1:colcon.colcon_core.environment:create_file_with_runtime_dependencies(/home/jetson/ros2_ws/src/install/twist_ugv_cruiser/share/colcon-core/packages/twist_ugv_cruiser)
[6.934s] DEBUG:colcon.colcon_parallel_executor.executor.parallel:closing loop
[6.934s] DEBUG:colcon.colcon_parallel_executor.executor.parallel:loop closed
[6.935s] DEBUG:colcon.colcon_parallel_executor.executor.parallel:run_until_complete finished with '0'
[6.935s] DEBUG:colcon.colcon_core.event_reactor:joining thread
[6.954s] INFO:colcon.colcon_core.plugin_system:Skipping extension 'colcon_notification.desktop_notification.terminal_notifier': Not used on non-Darwin systems
[6.955s] INFO:colcon.colcon_core.plugin_system:Skipping extension 'colcon_notification.desktop_notification.win32': Not used on non-Windows systems
[6.955s] INFO:colcon.colcon_notification.desktop_notification:Sending desktop notification using 'notify2'
[6.993s] DEBUG:colcon.colcon_core.event_reactor:joined thread
[6.994s] INFO:colcon.colcon_core.shell:Creating prefix script '/home/jetson/ros2_ws/src/install/local_setup.ps1'
[6.998s] INFO:colcon.colcon_core.shell:Creating prefix util module '/home/jetson/ros2_ws/src/install/_local_setup_util_ps1.py'
[7.003s] INFO:colcon.colcon_core.shell:Creating prefix chain script '/home/jetson/ros2_ws/src/install/setup.ps1'
[7.007s] INFO:colcon.colcon_core.shell:Creating prefix script '/home/jetson/ros2_ws/src/install/local_setup.sh'
[7.009s] INFO:colcon.colcon_core.shell:Creating prefix util module '/home/jetson/ros2_ws/src/install/_local_setup_util_sh.py'
[7.010s] INFO:colcon.colcon_core.shell:Creating prefix chain script '/home/jetson/ros2_ws/src/install/setup.sh'
[7.014s] INFO:colcon.colcon_core.shell:Creating prefix script '/home/jetson/ros2_ws/src/install/local_setup.bash'
[7.015s] INFO:colcon.colcon_core.shell:Creating prefix chain script '/home/jetson/ros2_ws/src/install/setup.bash'
[7.019s] INFO:colcon.colcon_core.shell:Creating prefix script '/home/jetson/ros2_ws/src/install/local_setup.zsh'
[7.021s] INFO:colcon.colcon_core.shell:Creating prefix chain script '/home/jetson/ros2_ws/src/install/setup.zsh'
