[5.694s] Invoking command in '/home/jetson/ros2_ws/src/serial_to_ros2': PYTHONPATH=/home/jetson/ros2_ws/build/serial_to_ros2/prefix_override:/usr/lib/python3/dist-packages/colcon_core/task/python/colcon_distutils_commands:/home/jetson/ros2_ws/install/serial_to_ros2/lib/python3.8/site-packages:${PYTHONPATH} /usr/bin/python3 -W ignore:setup.py install is deprecated setup.py egg_info --egg-base ../../build/serial_to_ros2 build --build-base /home/jetson/ros2_ws/build/serial_to_ros2/build install --record /home/jetson/ros2_ws/build/serial_to_ros2/install.log --single-version-externally-managed install_data
[6.981s] running egg_info
[6.984s] writing ../../build/serial_to_ros2/serial_to_ros2.egg-info/PKG-INFO
[6.984s] writing dependency_links to ../../build/serial_to_ros2/serial_to_ros2.egg-info/dependency_links.txt
[6.985s] writing entry points to ../../build/serial_to_ros2/serial_to_ros2.egg-info/entry_points.txt
[6.986s] writing requirements to ../../build/serial_to_ros2/serial_to_ros2.egg-info/requires.txt
[6.986s] writing top-level names to ../../build/serial_to_ros2/serial_to_ros2.egg-info/top_level.txt
[7.000s] reading manifest file '../../build/serial_to_ros2/serial_to_ros2.egg-info/SOURCES.txt'
[7.004s] writing manifest file '../../build/serial_to_ros2/serial_to_ros2.egg-info/SOURCES.txt'
[7.004s] running build
[7.005s] running build_py
[7.006s] copying serial_to_ros2/serial_publisher.py -> /home/jetson/ros2_ws/build/serial_to_ros2/build/lib/serial_to_ros2
[7.007s] running install
[7.008s] running install_lib
[7.012s] copying /home/jetson/ros2_ws/build/serial_to_ros2/build/lib/serial_to_ros2/serial_publisher.py -> /home/jetson/ros2_ws/install/serial_to_ros2/lib/python3.8/site-packages/serial_to_ros2
[7.015s] byte-compiling /home/jetson/ros2_ws/install/serial_to_ros2/lib/python3.8/site-packages/serial_to_ros2/serial_publisher.py to serial_publisher.cpython-38.pyc
[7.017s] running install_data
[7.018s] running install_egg_info
[7.024s] removing '/home/jetson/ros2_ws/install/serial_to_ros2/lib/python3.8/site-packages/serial_to_ros2-0.0.0-py3.8.egg-info' (and everything under it)
[7.026s] Copying ../../build/serial_to_ros2/serial_to_ros2.egg-info to /home/jetson/ros2_ws/install/serial_to_ros2/lib/python3.8/site-packages/serial_to_ros2-0.0.0-py3.8.egg-info
[7.030s] running install_scripts
[7.111s] Installing serial_to_ros2_node script to /home/jetson/ros2_ws/install/serial_to_ros2/lib/serial_to_ros2
[7.112s] writing list of installed files to '/home/jetson/ros2_ws/build/serial_to_ros2/install.log'
[7.222s] Invoked command in '/home/jetson/ros2_ws/src/serial_to_ros2' returned '0': PYTHONPATH=/home/jetson/ros2_ws/build/serial_to_ros2/prefix_override:/usr/lib/python3/dist-packages/colcon_core/task/python/colcon_distutils_commands:/home/jetson/ros2_ws/install/serial_to_ros2/lib/python3.8/site-packages:${PYTHONPATH} /usr/bin/python3 -W ignore:setup.py install is deprecated setup.py egg_info --egg-base ../../build/serial_to_ros2 build --build-base /home/jetson/ros2_ws/build/serial_to_ros2/build install --record /home/jetson/ros2_ws/build/serial_to_ros2/install.log --single-version-externally-managed install_data
