running egg_info
writing ../../build/serial_to_ros2/serial_to_ros2.egg-info/PKG-INFO
writing dependency_links to ../../build/serial_to_ros2/serial_to_ros2.egg-info/dependency_links.txt
writing entry points to ../../build/serial_to_ros2/serial_to_ros2.egg-info/entry_points.txt
writing requirements to ../../build/serial_to_ros2/serial_to_ros2.egg-info/requires.txt
writing top-level names to ../../build/serial_to_ros2/serial_to_ros2.egg-info/top_level.txt
reading manifest file '../../build/serial_to_ros2/serial_to_ros2.egg-info/SOURCES.txt'
writing manifest file '../../build/serial_to_ros2/serial_to_ros2.egg-info/SOURCES.txt'
running build
running build_py
copying serial_to_ros2/serial_publisher.py -> /home/jetson/ros2_ws/build/serial_to_ros2/build/lib/serial_to_ros2
running install
running install_lib
copying /home/jetson/ros2_ws/build/serial_to_ros2/build/lib/serial_to_ros2/serial_publisher.py -> /home/jetson/ros2_ws/install/serial_to_ros2/lib/python3.8/site-packages/serial_to_ros2
byte-compiling /home/jetson/ros2_ws/install/serial_to_ros2/lib/python3.8/site-packages/serial_to_ros2/serial_publisher.py to serial_publisher.cpython-38.pyc
running install_data
running install_egg_info
removing '/home/jetson/ros2_ws/install/serial_to_ros2/lib/python3.8/site-packages/serial_to_ros2-0.0.0-py3.8.egg-info' (and everything under it)
Copying ../../build/serial_to_ros2/serial_to_ros2.egg-info to /home/jetson/ros2_ws/install/serial_to_ros2/lib/python3.8/site-packages/serial_to_ros2-0.0.0-py3.8.egg-info
running install_scripts
Installing serial_to_ros2_node script to /home/jetson/ros2_ws/install/serial_to_ros2/lib/serial_to_ros2
writing list of installed files to '/home/jetson/ros2_ws/build/serial_to_ros2/install.log'
