[1.460s] DEBUG:colcon:Command line arguments: ['/usr/bin/colcon', 'build']
[1.460s] DEBUG:colcon:Parsed command line arguments: Namespace(allow_overriding=[], ament_cmake_args=None, base_paths=['.'], build_base='build', catkin_cmake_args=None, catkin_skip_building_tests=False, cmake_args=None, cmake_clean_cache=False, cmake_clean_first=False, cmake_force_configure=False, cmake_target=None, cmake_target_skip_unavailable=False, continue_on_error=False, event_handlers=None, executor='parallel', ignore_user_meta=False, install_base='install', log_base=None, log_level=None, main=<bound method BuildVerb.main of <colcon_core.verb.build.BuildVerb object at 0x7f98367d30>>, merge_install=False, metas=['./colcon.meta'], packages_above=None, packages_above_and_dependencies=None, packages_above_depth=None, packages_end=None, packages_ignore=None, packages_ignore_regex=None, packages_select=None, packages_select_build_failed=False, packages_select_by_dep=None, packages_select_regex=None, packages_select_test_failures=False, packages_skip=None, packages_skip_build_finished=False, packages_skip_by_dep=None, packages_skip_regex=None, packages_skip_test_passed=False, packages_skip_up_to=None, packages_start=None, packages_up_to=None, packages_up_to_regex=None, parallel_workers=2, paths=None, symlink_install=False, test_result_base=None, verb_extension=<colcon_core.verb.build.BuildVerb object at 0x7f98367d30>, verb_name='build', verb_parser=<colcon_defaults.argument_parser.defaults.DefaultArgumentsDecorator object at 0x7f98259b20>)
[3.060s] Level 1:colcon.colcon_core.package_discovery:discover_packages(colcon_meta) check parameters
[3.060s] Level 1:colcon.colcon_core.package_discovery:discover_packages(recursive) check parameters
[3.061s] Level 1:colcon.colcon_core.package_discovery:discover_packages(ignore) check parameters
[3.061s] Level 1:colcon.colcon_core.package_discovery:discover_packages(path) check parameters
[3.061s] Level 1:colcon.colcon_core.package_discovery:discover_packages(colcon_meta) discover
[3.061s] Level 1:colcon.colcon_core.package_discovery:discover_packages(recursive) discover
[3.062s] INFO:colcon.colcon_core.package_discovery:Crawling recursively for packages in '/home/jetson/ros2_ws'
[3.062s] Level 1:colcon.colcon_core.package_identification:_identify(.) by extensions ['ignore', 'ignore_ament_install']
[3.063s] Level 1:colcon.colcon_core.package_identification:_identify(.) by extension 'ignore'
[3.063s] Level 1:colcon.colcon_core.package_identification:_identify(.) by extension 'ignore_ament_install'
[3.064s] Level 1:colcon.colcon_core.package_identification:_identify(.) by extensions ['colcon_pkg']
[3.064s] Level 1:colcon.colcon_core.package_identification:_identify(.) by extension 'colcon_pkg'
[3.064s] Level 1:colcon.colcon_core.package_identification:_identify(.) by extensions ['colcon_meta']
[3.065s] Level 1:colcon.colcon_core.package_identification:_identify(.) by extension 'colcon_meta'
[3.065s] Level 1:colcon.colcon_core.package_identification:_identify(.) by extensions ['ros']
[3.065s] Level 1:colcon.colcon_core.package_identification:_identify(.) by extension 'ros'
[3.172s] Level 1:colcon.colcon_core.package_identification:_identify(.) by extensions ['cmake', 'python']
[3.172s] Level 1:colcon.colcon_core.package_identification:_identify(.) by extension 'cmake'
[3.173s] Level 1:colcon.colcon_core.package_identification:_identify(.) by extension 'python'
[3.173s] Level 1:colcon.colcon_core.package_identification:_identify(.) by extensions ['python_setup_py']
[3.173s] Level 1:colcon.colcon_core.package_identification:_identify(.) by extension 'python_setup_py'
[3.174s] Level 1:colcon.colcon_core.package_identification:_identify(build) by extensions ['ignore', 'ignore_ament_install']
[3.175s] Level 1:colcon.colcon_core.package_identification:_identify(build) by extension 'ignore'
[3.175s] Level 1:colcon.colcon_core.package_identification:_identify(build) ignored
[3.176s] Level 1:colcon.colcon_core.package_identification:_identify(install) by extensions ['ignore', 'ignore_ament_install']
[3.176s] Level 1:colcon.colcon_core.package_identification:_identify(install) by extension 'ignore'
[3.176s] Level 1:colcon.colcon_core.package_identification:_identify(install) ignored
[3.177s] Level 1:colcon.colcon_core.package_identification:_identify(log) by extensions ['ignore', 'ignore_ament_install']
[3.177s] Level 1:colcon.colcon_core.package_identification:_identify(log) by extension 'ignore'
[3.178s] Level 1:colcon.colcon_core.package_identification:_identify(log) ignored
[3.178s] Level 1:colcon.colcon_core.package_identification:_identify(src) by extensions ['ignore', 'ignore_ament_install']
[3.179s] Level 1:colcon.colcon_core.package_identification:_identify(src) by extension 'ignore'
[3.179s] Level 1:colcon.colcon_core.package_identification:_identify(src) by extension 'ignore_ament_install'
[3.179s] Level 1:colcon.colcon_core.package_identification:_identify(src) by extensions ['colcon_pkg']
[3.180s] Level 1:colcon.colcon_core.package_identification:_identify(src) by extension 'colcon_pkg'
[3.180s] Level 1:colcon.colcon_core.package_identification:_identify(src) by extensions ['colcon_meta']
[3.180s] Level 1:colcon.colcon_core.package_identification:_identify(src) by extension 'colcon_meta'
[3.180s] Level 1:colcon.colcon_core.package_identification:_identify(src) by extensions ['ros']
[3.181s] Level 1:colcon.colcon_core.package_identification:_identify(src) by extension 'ros'
[3.181s] Level 1:colcon.colcon_core.package_identification:_identify(src) by extensions ['cmake', 'python']
[3.181s] Level 1:colcon.colcon_core.package_identification:_identify(src) by extension 'cmake'
[3.182s] Level 1:colcon.colcon_core.package_identification:_identify(src) by extension 'python'
[3.182s] Level 1:colcon.colcon_core.package_identification:_identify(src) by extensions ['python_setup_py']
[3.182s] Level 1:colcon.colcon_core.package_identification:_identify(src) by extension 'python_setup_py'
[3.183s] Level 1:colcon.colcon_core.package_identification:_identify(src/build) by extensions ['ignore', 'ignore_ament_install']
[3.183s] Level 1:colcon.colcon_core.package_identification:_identify(src/build) by extension 'ignore'
[3.184s] Level 1:colcon.colcon_core.package_identification:_identify(src/build) ignored
[3.184s] Level 1:colcon.colcon_core.package_identification:_identify(src/install) by extensions ['ignore', 'ignore_ament_install']
[3.185s] Level 1:colcon.colcon_core.package_identification:_identify(src/install) by extension 'ignore'
[3.185s] Level 1:colcon.colcon_core.package_identification:_identify(src/install) ignored
[3.186s] Level 1:colcon.colcon_core.package_identification:_identify(src/log) by extensions ['ignore', 'ignore_ament_install']
[3.186s] Level 1:colcon.colcon_core.package_identification:_identify(src/log) by extension 'ignore'
[3.186s] Level 1:colcon.colcon_core.package_identification:_identify(src/log) ignored
[3.187s] Level 1:colcon.colcon_core.package_identification:_identify(src/pwmrelay) by extensions ['ignore', 'ignore_ament_install']
[3.187s] Level 1:colcon.colcon_core.package_identification:_identify(src/pwmrelay) by extension 'ignore'
[3.188s] Level 1:colcon.colcon_core.package_identification:_identify(src/pwmrelay) by extension 'ignore_ament_install'
[3.188s] Level 1:colcon.colcon_core.package_identification:_identify(src/pwmrelay) by extensions ['colcon_pkg']
[3.188s] Level 1:colcon.colcon_core.package_identification:_identify(src/pwmrelay) by extension 'colcon_pkg'
[3.188s] Level 1:colcon.colcon_core.package_identification:_identify(src/pwmrelay) by extensions ['colcon_meta']
[3.189s] Level 1:colcon.colcon_core.package_identification:_identify(src/pwmrelay) by extension 'colcon_meta'
[3.189s] Level 1:colcon.colcon_core.package_identification:_identify(src/pwmrelay) by extensions ['ros']
[3.189s] Level 1:colcon.colcon_core.package_identification:_identify(src/pwmrelay) by extension 'ros'
[3.203s] DEBUG:colcon.colcon_core.package_identification:Package 'src/pwmrelay' with type 'ros.ament_python' and name 'pwmrelay'
[3.204s] Level 1:colcon.colcon_core.package_identification:_identify(src/serial_to_ros2) by extensions ['ignore', 'ignore_ament_install']
[3.205s] Level 1:colcon.colcon_core.package_identification:_identify(src/serial_to_ros2) by extension 'ignore'
[3.205s] Level 1:colcon.colcon_core.package_identification:_identify(src/serial_to_ros2) by extension 'ignore_ament_install'
[3.205s] Level 1:colcon.colcon_core.package_identification:_identify(src/serial_to_ros2) by extensions ['colcon_pkg']
[3.206s] Level 1:colcon.colcon_core.package_identification:_identify(src/serial_to_ros2) by extension 'colcon_pkg'
[3.206s] Level 1:colcon.colcon_core.package_identification:_identify(src/serial_to_ros2) by extensions ['colcon_meta']
[3.206s] Level 1:colcon.colcon_core.package_identification:_identify(src/serial_to_ros2) by extension 'colcon_meta'
[3.207s] Level 1:colcon.colcon_core.package_identification:_identify(src/serial_to_ros2) by extensions ['ros']
[3.207s] Level 1:colcon.colcon_core.package_identification:_identify(src/serial_to_ros2) by extension 'ros'
[3.211s] DEBUG:colcon.colcon_core.package_identification:Package 'src/serial_to_ros2' with type 'ros.ament_python' and name 'serial_to_ros2'
[3.212s] Level 1:colcon.colcon_core.package_identification:_identify(src/twist_ugv_cruiser) by extensions ['ignore', 'ignore_ament_install']
[3.212s] Level 1:colcon.colcon_core.package_identification:_identify(src/twist_ugv_cruiser) by extension 'ignore'
[3.213s] Level 1:colcon.colcon_core.package_identification:_identify(src/twist_ugv_cruiser) by extension 'ignore_ament_install'
[3.213s] Level 1:colcon.colcon_core.package_identification:_identify(src/twist_ugv_cruiser) by extensions ['colcon_pkg']
[3.213s] Level 1:colcon.colcon_core.package_identification:_identify(src/twist_ugv_cruiser) by extension 'colcon_pkg'
[3.213s] Level 1:colcon.colcon_core.package_identification:_identify(src/twist_ugv_cruiser) by extensions ['colcon_meta']
[3.214s] Level 1:colcon.colcon_core.package_identification:_identify(src/twist_ugv_cruiser) by extension 'colcon_meta'
[3.214s] Level 1:colcon.colcon_core.package_identification:_identify(src/twist_ugv_cruiser) by extensions ['ros']
[3.214s] Level 1:colcon.colcon_core.package_identification:_identify(src/twist_ugv_cruiser) by extension 'ros'
[3.217s] DEBUG:colcon.colcon_core.package_identification:Package 'src/twist_ugv_cruiser' with type 'ros.ament_python' and name 'twist_ugv_cruiser'
[3.218s] Level 1:colcon.colcon_core.package_discovery:discover_packages(recursive) using defaults
[3.218s] Level 1:colcon.colcon_core.package_discovery:discover_packages(ignore) discover
[3.218s] Level 1:colcon.colcon_core.package_discovery:discover_packages(ignore) using defaults
[3.218s] Level 1:colcon.colcon_core.package_discovery:discover_packages(path) discover
[3.219s] Level 1:colcon.colcon_core.package_discovery:discover_packages(path) using defaults
[3.340s] Level 1:colcon.colcon_core.package_discovery:discover_packages(prefix_path) check parameters
[3.340s] Level 1:colcon.colcon_core.package_discovery:discover_packages(prefix_path) discover
[3.351s] DEBUG:colcon.colcon_installed_package_information.package_discovery:Found 3 installed packages in /home/jetson/ros2_ws/install
[3.354s] DEBUG:colcon.colcon_installed_package_information.package_discovery:Found 1 installed packages in /home/jetson/ros2_ws/src/install
[3.364s] DEBUG:colcon.colcon_installed_package_information.package_discovery:Found 270 installed packages in /opt/ros/humble
[3.377s] Level 1:colcon.colcon_core.package_discovery:discover_packages(prefix_path) using defaults
[3.900s] Level 5:colcon.colcon_core.verb:set package 'pwmrelay' build argument 'cmake_args' from command line to 'None'
[3.900s] Level 5:colcon.colcon_core.verb:set package 'pwmrelay' build argument 'cmake_target' from command line to 'None'
[3.901s] Level 5:colcon.colcon_core.verb:set package 'pwmrelay' build argument 'cmake_target_skip_unavailable' from command line to 'False'
[3.901s] Level 5:colcon.colcon_core.verb:set package 'pwmrelay' build argument 'cmake_clean_cache' from command line to 'False'
[3.901s] Level 5:colcon.colcon_core.verb:set package 'pwmrelay' build argument 'cmake_clean_first' from command line to 'False'
[3.901s] Level 5:colcon.colcon_core.verb:set package 'pwmrelay' build argument 'cmake_force_configure' from command line to 'False'
[3.901s] Level 5:colcon.colcon_core.verb:set package 'pwmrelay' build argument 'ament_cmake_args' from command line to 'None'
[3.902s] Level 5:colcon.colcon_core.verb:set package 'pwmrelay' build argument 'catkin_cmake_args' from command line to 'None'
[3.902s] Level 5:colcon.colcon_core.verb:set package 'pwmrelay' build argument 'catkin_skip_building_tests' from command line to 'False'
[3.902s] DEBUG:colcon.colcon_core.verb:Building package 'pwmrelay' with the following arguments: {'ament_cmake_args': None, 'build_base': '/home/jetson/ros2_ws/build/pwmrelay', 'catkin_cmake_args': None, 'catkin_skip_building_tests': False, 'cmake_args': None, 'cmake_clean_cache': False, 'cmake_clean_first': False, 'cmake_force_configure': False, 'cmake_target': None, 'cmake_target_skip_unavailable': False, 'install_base': '/home/jetson/ros2_ws/install/pwmrelay', 'merge_install': False, 'path': '/home/jetson/ros2_ws/src/pwmrelay', 'symlink_install': False, 'test_result_base': None}
[3.905s] Level 5:colcon.colcon_core.verb:set package 'serial_to_ros2' build argument 'cmake_args' from command line to 'None'
[3.905s] Level 5:colcon.colcon_core.verb:set package 'serial_to_ros2' build argument 'cmake_target' from command line to 'None'
[3.905s] Level 5:colcon.colcon_core.verb:set package 'serial_to_ros2' build argument 'cmake_target_skip_unavailable' from command line to 'False'
[3.905s] Level 5:colcon.colcon_core.verb:set package 'serial_to_ros2' build argument 'cmake_clean_cache' from command line to 'False'
[3.906s] Level 5:colcon.colcon_core.verb:set package 'serial_to_ros2' build argument 'cmake_clean_first' from command line to 'False'
[3.906s] Level 5:colcon.colcon_core.verb:set package 'serial_to_ros2' build argument 'cmake_force_configure' from command line to 'False'
[3.906s] Level 5:colcon.colcon_core.verb:set package 'serial_to_ros2' build argument 'ament_cmake_args' from command line to 'None'
[3.906s] Level 5:colcon.colcon_core.verb:set package 'serial_to_ros2' build argument 'catkin_cmake_args' from command line to 'None'
[3.906s] Level 5:colcon.colcon_core.verb:set package 'serial_to_ros2' build argument 'catkin_skip_building_tests' from command line to 'False'
[3.907s] DEBUG:colcon.colcon_core.verb:Building package 'serial_to_ros2' with the following arguments: {'ament_cmake_args': None, 'build_base': '/home/jetson/ros2_ws/build/serial_to_ros2', 'catkin_cmake_args': None, 'catkin_skip_building_tests': False, 'cmake_args': None, 'cmake_clean_cache': False, 'cmake_clean_first': False, 'cmake_force_configure': False, 'cmake_target': None, 'cmake_target_skip_unavailable': False, 'install_base': '/home/jetson/ros2_ws/install/serial_to_ros2', 'merge_install': False, 'path': '/home/jetson/ros2_ws/src/serial_to_ros2', 'symlink_install': False, 'test_result_base': None}
[3.909s] Level 5:colcon.colcon_core.verb:set package 'twist_ugv_cruiser' build argument 'cmake_args' from command line to 'None'
[3.909s] Level 5:colcon.colcon_core.verb:set package 'twist_ugv_cruiser' build argument 'cmake_target' from command line to 'None'
[3.910s] Level 5:colcon.colcon_core.verb:set package 'twist_ugv_cruiser' build argument 'cmake_target_skip_unavailable' from command line to 'False'
[3.910s] Level 5:colcon.colcon_core.verb:set package 'twist_ugv_cruiser' build argument 'cmake_clean_cache' from command line to 'False'
[3.910s] Level 5:colcon.colcon_core.verb:set package 'twist_ugv_cruiser' build argument 'cmake_clean_first' from command line to 'False'
[3.910s] Level 5:colcon.colcon_core.verb:set package 'twist_ugv_cruiser' build argument 'cmake_force_configure' from command line to 'False'
[3.910s] Level 5:colcon.colcon_core.verb:set package 'twist_ugv_cruiser' build argument 'ament_cmake_args' from command line to 'None'
[3.911s] Level 5:colcon.colcon_core.verb:set package 'twist_ugv_cruiser' build argument 'catkin_cmake_args' from command line to 'None'
[3.911s] Level 5:colcon.colcon_core.verb:set package 'twist_ugv_cruiser' build argument 'catkin_skip_building_tests' from command line to 'False'
[3.911s] DEBUG:colcon.colcon_core.verb:Building package 'twist_ugv_cruiser' with the following arguments: {'ament_cmake_args': None, 'build_base': '/home/jetson/ros2_ws/build/twist_ugv_cruiser', 'catkin_cmake_args': None, 'catkin_skip_building_tests': False, 'cmake_args': None, 'cmake_clean_cache': False, 'cmake_clean_first': False, 'cmake_force_configure': False, 'cmake_target': None, 'cmake_target_skip_unavailable': False, 'install_base': '/home/jetson/ros2_ws/install/twist_ugv_cruiser', 'merge_install': False, 'path': '/home/jetson/ros2_ws/src/twist_ugv_cruiser', 'symlink_install': False, 'test_result_base': None}
[3.912s] INFO:colcon.colcon_core.executor:Executing jobs using 'parallel' executor
[3.916s] DEBUG:colcon.colcon_parallel_executor.executor.parallel:run_until_complete
[3.917s] INFO:colcon.colcon_ros.task.ament_python.build:Building ROS package in '/home/jetson/ros2_ws/src/pwmrelay' with build type 'ament_python'
[3.918s] Level 1:colcon.colcon_core.shell:create_environment_hook('pwmrelay', 'ament_prefix_path')
[3.933s] INFO:colcon.colcon_core.plugin_system:Skipping extension 'colcon_core.shell.bat': Not used on non-Windows systems
[3.934s] INFO:colcon.colcon_core.shell:Creating environment hook '/home/jetson/ros2_ws/install/pwmrelay/share/pwmrelay/hook/ament_prefix_path.ps1'
[3.939s] INFO:colcon.colcon_core.shell:Creating environment descriptor '/home/jetson/ros2_ws/install/pwmrelay/share/pwmrelay/hook/ament_prefix_path.dsv'
[3.941s] INFO:colcon.colcon_core.shell:Creating environment hook '/home/jetson/ros2_ws/install/pwmrelay/share/pwmrelay/hook/ament_prefix_path.sh'
[3.946s] INFO:colcon.colcon_core.shell:Skip shell extension 'powershell' for command environment: Not usable outside of PowerShell
[3.947s] DEBUG:colcon.colcon_core.shell:Skip shell extension 'dsv' for command environment
[3.977s] INFO:colcon.colcon_ros.task.ament_python.build:Building ROS package in '/home/jetson/ros2_ws/src/serial_to_ros2' with build type 'ament_python'
[3.978s] Level 1:colcon.colcon_core.shell:create_environment_hook('serial_to_ros2', 'ament_prefix_path')
[3.980s] INFO:colcon.colcon_core.shell:Creating environment hook '/home/jetson/ros2_ws/install/serial_to_ros2/share/serial_to_ros2/hook/ament_prefix_path.ps1'
[3.984s] INFO:colcon.colcon_core.shell:Creating environment descriptor '/home/jetson/ros2_ws/install/serial_to_ros2/share/serial_to_ros2/hook/ament_prefix_path.dsv'
[3.986s] INFO:colcon.colcon_core.shell:Creating environment hook '/home/jetson/ros2_ws/install/serial_to_ros2/share/serial_to_ros2/hook/ament_prefix_path.sh'
[3.990s] INFO:colcon.colcon_core.shell:Skip shell extension 'powershell' for command environment: Not usable outside of PowerShell
[3.990s] DEBUG:colcon.colcon_core.shell:Skip shell extension 'dsv' for command environment
[6.040s] INFO:colcon.colcon_core.task.python.build:Building Python package in '/home/jetson/ros2_ws/src/pwmrelay'
[6.043s] INFO:colcon.colcon_core.shell:Skip shell extension 'powershell' for command environment: Not usable outside of PowerShell
[6.043s] DEBUG:colcon.colcon_core.shell:Skip shell extension 'dsv' for command environment
[8.103s] INFO:colcon.colcon_core.task.python.build:Building Python package in '/home/jetson/ros2_ws/src/serial_to_ros2'
[8.105s] INFO:colcon.colcon_core.shell:Skip shell extension 'powershell' for command environment: Not usable outside of PowerShell
[8.105s] DEBUG:colcon.colcon_core.shell:Skip shell extension 'dsv' for command environment
[11.062s] DEBUG:colcon.colcon_core.event_handler.log_command:Invoking command in '/home/jetson/ros2_ws/src/pwmrelay': PYTHONPATH=/home/jetson/ros2_ws/build/pwmrelay/prefix_override:/usr/lib/python3/dist-packages/colcon_core/task/python/colcon_distutils_commands:/home/jetson/ros2_ws/install/pwmrelay/lib/python3.8/site-packages:${PYTHONPATH} /usr/bin/python3 -W ignore:setup.py install is deprecated setup.py egg_info --egg-base ../../build/pwmrelay build --build-base /home/jetson/ros2_ws/build/pwmrelay/build install --record /home/jetson/ros2_ws/build/pwmrelay/install.log --single-version-externally-managed install_data
[11.136s] DEBUG:colcon.colcon_core.event_handler.log_command:Invoking command in '/home/jetson/ros2_ws/src/serial_to_ros2': PYTHONPATH=/home/jetson/ros2_ws/build/serial_to_ros2/prefix_override:/usr/lib/python3/dist-packages/colcon_core/task/python/colcon_distutils_commands:/home/jetson/ros2_ws/install/serial_to_ros2/lib/python3.8/site-packages:${PYTHONPATH} /usr/bin/python3 -W ignore:setup.py install is deprecated setup.py egg_info --egg-base ../../build/serial_to_ros2 build --build-base /home/jetson/ros2_ws/build/serial_to_ros2/build install --record /home/jetson/ros2_ws/build/serial_to_ros2/install.log --single-version-externally-managed install_data
[13.453s] DEBUG:colcon.colcon_core.event_handler.log_command:Invoked command in '/home/jetson/ros2_ws/src/pwmrelay' returned '0': PYTHONPATH=/home/jetson/ros2_ws/build/pwmrelay/prefix_override:/usr/lib/python3/dist-packages/colcon_core/task/python/colcon_distutils_commands:/home/jetson/ros2_ws/install/pwmrelay/lib/python3.8/site-packages:${PYTHONPATH} /usr/bin/python3 -W ignore:setup.py install is deprecated setup.py egg_info --egg-base ../../build/pwmrelay build --build-base /home/jetson/ros2_ws/build/pwmrelay/build install --record /home/jetson/ros2_ws/build/pwmrelay/install.log --single-version-externally-managed install_data
[13.471s] Level 1:colcon.colcon_core.environment:checking '/home/jetson/ros2_ws/install/pwmrelay' for CMake module files
[13.475s] Level 1:colcon.colcon_core.environment:checking '/home/jetson/ros2_ws/install/pwmrelay' for CMake config files
[13.479s] Level 1:colcon.colcon_core.environment:checking '/home/jetson/ros2_ws/install/pwmrelay/lib'
[13.480s] Level 1:colcon.colcon_core.environment:checking '/home/jetson/ros2_ws/install/pwmrelay/bin'
[13.481s] Level 1:colcon.colcon_core.environment:checking '/home/jetson/ros2_ws/install/pwmrelay/lib/pkgconfig/pwmrelay.pc'
[13.482s] Level 1:colcon.colcon_core.environment:checking '/home/jetson/ros2_ws/install/pwmrelay/lib/python3.8/site-packages'
[13.483s] Level 1:colcon.colcon_core.shell:create_environment_hook('pwmrelay', 'pythonpath')
[13.485s] INFO:colcon.colcon_core.shell:Creating environment hook '/home/jetson/ros2_ws/install/pwmrelay/share/pwmrelay/hook/pythonpath.ps1'
[13.488s] INFO:colcon.colcon_core.shell:Creating environment descriptor '/home/jetson/ros2_ws/install/pwmrelay/share/pwmrelay/hook/pythonpath.dsv'
[13.491s] INFO:colcon.colcon_core.shell:Creating environment hook '/home/jetson/ros2_ws/install/pwmrelay/share/pwmrelay/hook/pythonpath.sh'
[13.494s] Level 1:colcon.colcon_core.environment:checking '/home/jetson/ros2_ws/install/pwmrelay/bin'
[13.495s] Level 1:colcon.colcon_core.environment:create_environment_scripts_only(pwmrelay)
[13.498s] INFO:colcon.colcon_core.shell:Creating package script '/home/jetson/ros2_ws/install/pwmrelay/share/pwmrelay/package.ps1'
[13.503s] INFO:colcon.colcon_core.shell:Creating package descriptor '/home/jetson/ros2_ws/install/pwmrelay/share/pwmrelay/package.dsv'
[13.508s] INFO:colcon.colcon_core.shell:Creating package script '/home/jetson/ros2_ws/install/pwmrelay/share/pwmrelay/package.sh'
[13.513s] INFO:colcon.colcon_core.shell:Creating package script '/home/jetson/ros2_ws/install/pwmrelay/share/pwmrelay/package.bash'
[13.519s] INFO:colcon.colcon_core.shell:Creating package script '/home/jetson/ros2_ws/install/pwmrelay/share/pwmrelay/package.zsh'
[13.525s] Level 1:colcon.colcon_core.environment:create_file_with_runtime_dependencies(/home/jetson/ros2_ws/install/pwmrelay/share/colcon-core/packages/pwmrelay)
[13.531s] INFO:colcon.colcon_ros.task.ament_python.build:Building ROS package in '/home/jetson/ros2_ws/src/twist_ugv_cruiser' with build type 'ament_python'
[13.533s] Level 1:colcon.colcon_core.shell:create_environment_hook('twist_ugv_cruiser', 'ament_prefix_path')
[13.534s] INFO:colcon.colcon_core.shell:Creating environment hook '/home/jetson/ros2_ws/install/twist_ugv_cruiser/share/twist_ugv_cruiser/hook/ament_prefix_path.ps1'
[13.537s] INFO:colcon.colcon_core.shell:Creating environment descriptor '/home/jetson/ros2_ws/install/twist_ugv_cruiser/share/twist_ugv_cruiser/hook/ament_prefix_path.dsv'
[13.540s] INFO:colcon.colcon_core.shell:Creating environment hook '/home/jetson/ros2_ws/install/twist_ugv_cruiser/share/twist_ugv_cruiser/hook/ament_prefix_path.sh'
[13.545s] INFO:colcon.colcon_core.shell:Skip shell extension 'powershell' for command environment: Not usable outside of PowerShell
[13.545s] DEBUG:colcon.colcon_core.shell:Skip shell extension 'dsv' for command environment
[13.583s] Level 1:colcon.colcon_core.environment:checking '/home/jetson/ros2_ws/install/serial_to_ros2' for CMake module files
[13.587s] DEBUG:colcon.colcon_core.event_handler.log_command:Invoked command in '/home/jetson/ros2_ws/src/serial_to_ros2' returned '0': PYTHONPATH=/home/jetson/ros2_ws/build/serial_to_ros2/prefix_override:/usr/lib/python3/dist-packages/colcon_core/task/python/colcon_distutils_commands:/home/jetson/ros2_ws/install/serial_to_ros2/lib/python3.8/site-packages:${PYTHONPATH} /usr/bin/python3 -W ignore:setup.py install is deprecated setup.py egg_info --egg-base ../../build/serial_to_ros2 build --build-base /home/jetson/ros2_ws/build/serial_to_ros2/build install --record /home/jetson/ros2_ws/build/serial_to_ros2/install.log --single-version-externally-managed install_data
[13.589s] Level 1:colcon.colcon_core.environment:checking '/home/jetson/ros2_ws/install/serial_to_ros2' for CMake config files
[13.593s] Level 1:colcon.colcon_core.environment:checking '/home/jetson/ros2_ws/install/serial_to_ros2/lib'
[13.593s] Level 1:colcon.colcon_core.environment:checking '/home/jetson/ros2_ws/install/serial_to_ros2/bin'
[13.594s] Level 1:colcon.colcon_core.environment:checking '/home/jetson/ros2_ws/install/serial_to_ros2/lib/pkgconfig/serial_to_ros2.pc'
[13.595s] Level 1:colcon.colcon_core.environment:checking '/home/jetson/ros2_ws/install/serial_to_ros2/lib/python3.8/site-packages'
[13.595s] Level 1:colcon.colcon_core.shell:create_environment_hook('serial_to_ros2', 'pythonpath')
[13.597s] INFO:colcon.colcon_core.shell:Creating environment hook '/home/jetson/ros2_ws/install/serial_to_ros2/share/serial_to_ros2/hook/pythonpath.ps1'
[13.600s] INFO:colcon.colcon_core.shell:Creating environment descriptor '/home/jetson/ros2_ws/install/serial_to_ros2/share/serial_to_ros2/hook/pythonpath.dsv'
[13.602s] INFO:colcon.colcon_core.shell:Creating environment hook '/home/jetson/ros2_ws/install/serial_to_ros2/share/serial_to_ros2/hook/pythonpath.sh'
[13.605s] Level 1:colcon.colcon_core.environment:checking '/home/jetson/ros2_ws/install/serial_to_ros2/bin'
[13.605s] Level 1:colcon.colcon_core.environment:create_environment_scripts_only(serial_to_ros2)
[13.607s] INFO:colcon.colcon_core.shell:Creating package script '/home/jetson/ros2_ws/install/serial_to_ros2/share/serial_to_ros2/package.ps1'
[13.611s] INFO:colcon.colcon_core.shell:Creating package descriptor '/home/jetson/ros2_ws/install/serial_to_ros2/share/serial_to_ros2/package.dsv'
[13.613s] INFO:colcon.colcon_core.shell:Creating package script '/home/jetson/ros2_ws/install/serial_to_ros2/share/serial_to_ros2/package.sh'
[13.616s] INFO:colcon.colcon_core.shell:Creating package script '/home/jetson/ros2_ws/install/serial_to_ros2/share/serial_to_ros2/package.bash'
[13.618s] INFO:colcon.colcon_core.shell:Creating package script '/home/jetson/ros2_ws/install/serial_to_ros2/share/serial_to_ros2/package.zsh'
[13.620s] Level 1:colcon.colcon_core.environment:create_file_with_runtime_dependencies(/home/jetson/ros2_ws/install/serial_to_ros2/share/colcon-core/packages/serial_to_ros2)
[15.647s] INFO:colcon.colcon_core.task.python.build:Building Python package in '/home/jetson/ros2_ws/src/twist_ugv_cruiser'
[15.649s] INFO:colcon.colcon_core.shell:Skip shell extension 'powershell' for command environment: Not usable outside of PowerShell
[15.650s] DEBUG:colcon.colcon_core.shell:Skip shell extension 'dsv' for command environment
[18.467s] DEBUG:colcon.colcon_core.event_handler.log_command:Invoking command in '/home/jetson/ros2_ws/src/twist_ugv_cruiser': PYTHONPATH=/home/jetson/ros2_ws/build/twist_ugv_cruiser/prefix_override:/usr/lib/python3/dist-packages/colcon_core/task/python/colcon_distutils_commands:/home/jetson/ros2_ws/install/twist_ugv_cruiser/lib/python3.8/site-packages:${PYTHONPATH} /usr/bin/python3 -W ignore:setup.py install is deprecated setup.py egg_info --egg-base ../../build/twist_ugv_cruiser build --build-base /home/jetson/ros2_ws/build/twist_ugv_cruiser/build install --record /home/jetson/ros2_ws/build/twist_ugv_cruiser/install.log --single-version-externally-managed install_data
[20.712s] Level 1:colcon.colcon_core.environment:checking '/home/jetson/ros2_ws/install/twist_ugv_cruiser' for CMake module files
[20.715s] DEBUG:colcon.colcon_core.event_handler.log_command:Invoked command in '/home/jetson/ros2_ws/src/twist_ugv_cruiser' returned '0': PYTHONPATH=/home/jetson/ros2_ws/build/twist_ugv_cruiser/prefix_override:/usr/lib/python3/dist-packages/colcon_core/task/python/colcon_distutils_commands:/home/jetson/ros2_ws/install/twist_ugv_cruiser/lib/python3.8/site-packages:${PYTHONPATH} /usr/bin/python3 -W ignore:setup.py install is deprecated setup.py egg_info --egg-base ../../build/twist_ugv_cruiser build --build-base /home/jetson/ros2_ws/build/twist_ugv_cruiser/build install --record /home/jetson/ros2_ws/build/twist_ugv_cruiser/install.log --single-version-externally-managed install_data
[20.717s] Level 1:colcon.colcon_core.environment:checking '/home/jetson/ros2_ws/install/twist_ugv_cruiser' for CMake config files
[20.720s] Level 1:colcon.colcon_core.environment:checking '/home/jetson/ros2_ws/install/twist_ugv_cruiser/lib'
[20.720s] Level 1:colcon.colcon_core.environment:checking '/home/jetson/ros2_ws/install/twist_ugv_cruiser/bin'
[20.721s] Level 1:colcon.colcon_core.environment:checking '/home/jetson/ros2_ws/install/twist_ugv_cruiser/lib/pkgconfig/twist_ugv_cruiser.pc'
[20.722s] Level 1:colcon.colcon_core.environment:checking '/home/jetson/ros2_ws/install/twist_ugv_cruiser/lib/python3.8/site-packages'
[20.722s] Level 1:colcon.colcon_core.shell:create_environment_hook('twist_ugv_cruiser', 'pythonpath')
[20.724s] INFO:colcon.colcon_core.shell:Creating environment hook '/home/jetson/ros2_ws/install/twist_ugv_cruiser/share/twist_ugv_cruiser/hook/pythonpath.ps1'
[20.728s] INFO:colcon.colcon_core.shell:Creating environment descriptor '/home/jetson/ros2_ws/install/twist_ugv_cruiser/share/twist_ugv_cruiser/hook/pythonpath.dsv'
[20.730s] INFO:colcon.colcon_core.shell:Creating environment hook '/home/jetson/ros2_ws/install/twist_ugv_cruiser/share/twist_ugv_cruiser/hook/pythonpath.sh'
[20.733s] Level 1:colcon.colcon_core.environment:checking '/home/jetson/ros2_ws/install/twist_ugv_cruiser/bin'
[20.733s] Level 1:colcon.colcon_core.environment:create_environment_scripts_only(twist_ugv_cruiser)
[20.735s] INFO:colcon.colcon_core.shell:Creating package script '/home/jetson/ros2_ws/install/twist_ugv_cruiser/share/twist_ugv_cruiser/package.ps1'
[20.738s] INFO:colcon.colcon_core.shell:Creating package descriptor '/home/jetson/ros2_ws/install/twist_ugv_cruiser/share/twist_ugv_cruiser/package.dsv'
[20.741s] INFO:colcon.colcon_core.shell:Creating package script '/home/jetson/ros2_ws/install/twist_ugv_cruiser/share/twist_ugv_cruiser/package.sh'
[20.744s] INFO:colcon.colcon_core.shell:Creating package script '/home/jetson/ros2_ws/install/twist_ugv_cruiser/share/twist_ugv_cruiser/package.bash'
[20.746s] INFO:colcon.colcon_core.shell:Creating package script '/home/jetson/ros2_ws/install/twist_ugv_cruiser/share/twist_ugv_cruiser/package.zsh'
[20.748s] Level 1:colcon.colcon_core.environment:create_file_with_runtime_dependencies(/home/jetson/ros2_ws/install/twist_ugv_cruiser/share/colcon-core/packages/twist_ugv_cruiser)
[20.749s] DEBUG:colcon.colcon_parallel_executor.executor.parallel:closing loop
[20.750s] DEBUG:colcon.colcon_parallel_executor.executor.parallel:loop closed
[20.751s] DEBUG:colcon.colcon_parallel_executor.executor.parallel:run_until_complete finished with '0'
[20.753s] DEBUG:colcon.colcon_core.event_reactor:joining thread
[20.782s] INFO:colcon.colcon_core.plugin_system:Skipping extension 'colcon_notification.desktop_notification.terminal_notifier': Not used on non-Darwin systems
[20.783s] INFO:colcon.colcon_core.plugin_system:Skipping extension 'colcon_notification.desktop_notification.win32': Not used on non-Windows systems
[20.783s] INFO:colcon.colcon_notification.desktop_notification:Sending desktop notification using 'notify2'
[20.839s] DEBUG:colcon.colcon_core.event_reactor:joined thread
[20.841s] INFO:colcon.colcon_core.shell:Creating prefix script '/home/jetson/ros2_ws/install/local_setup.ps1'
[20.846s] INFO:colcon.colcon_core.shell:Creating prefix util module '/home/jetson/ros2_ws/install/_local_setup_util_ps1.py'
[20.856s] INFO:colcon.colcon_core.shell:Creating prefix chain script '/home/jetson/ros2_ws/install/setup.ps1'
[20.863s] INFO:colcon.colcon_core.shell:Creating prefix script '/home/jetson/ros2_ws/install/local_setup.sh'
[20.866s] INFO:colcon.colcon_core.shell:Creating prefix util module '/home/jetson/ros2_ws/install/_local_setup_util_sh.py'
[20.869s] INFO:colcon.colcon_core.shell:Creating prefix chain script '/home/jetson/ros2_ws/install/setup.sh'
[20.876s] INFO:colcon.colcon_core.shell:Creating prefix script '/home/jetson/ros2_ws/install/local_setup.bash'
[20.879s] INFO:colcon.colcon_core.shell:Creating prefix chain script '/home/jetson/ros2_ws/install/setup.bash'
[20.886s] INFO:colcon.colcon_core.shell:Creating prefix script '/home/jetson/ros2_ws/install/local_setup.zsh'
[20.889s] INFO:colcon.colcon_core.shell:Creating prefix chain script '/home/jetson/ros2_ws/install/setup.zsh'
