[3.109s] Invoking command in '/home/jetson/ros2_ws/src/twist_ugv_cruiser': PYTHONPATH=/home/jetson/ros2_ws/src/build/twist_ugv_cruiser/prefix_override:/usr/lib/python3/dist-packages/colcon_core/task/python/colcon_distutils_commands:/home/jetson/ros2_ws/src/install/twist_ugv_cruiser/lib/python3.8/site-packages:${PYTHONPATH} /usr/bin/python3 -W ignore:setup.py install is deprecated setup.py egg_info --egg-base ../build/twist_ugv_cruiser build --build-base /home/jetson/ros2_ws/src/build/twist_ugv_cruiser/build install --record /home/jetson/ros2_ws/src/build/twist_ugv_cruiser/install.log --single-version-externally-managed install_data
[4.343s] running egg_info
[4.345s] creating ../build/twist_ugv_cruiser/twist_ugv_cruiser.egg-info
[4.346s] writing ../build/twist_ugv_cruiser/twist_ugv_cruiser.egg-info/PKG-INFO
[4.347s] writing dependency_links to ../build/twist_ugv_cruiser/twist_ugv_cruiser.egg-info/dependency_links.txt
[4.347s] writing entry points to ../build/twist_ugv_cruiser/twist_ugv_cruiser.egg-info/entry_points.txt
[4.348s] writing requirements to ../build/twist_ugv_cruiser/twist_ugv_cruiser.egg-info/requires.txt
[4.348s] writing top-level names to ../build/twist_ugv_cruiser/twist_ugv_cruiser.egg-info/top_level.txt
[4.353s] writing manifest file '../build/twist_ugv_cruiser/twist_ugv_cruiser.egg-info/SOURCES.txt'
[4.360s] reading manifest file '../build/twist_ugv_cruiser/twist_ugv_cruiser.egg-info/SOURCES.txt'
[4.363s] writing manifest file '../build/twist_ugv_cruiser/twist_ugv_cruiser.egg-info/SOURCES.txt'
[4.363s] running build
[4.364s] running build_py
[4.364s] creating /home/jetson/ros2_ws/src/build/twist_ugv_cruiser/build
[4.365s] creating /home/jetson/ros2_ws/src/build/twist_ugv_cruiser/build/lib
[4.365s] creating /home/jetson/ros2_ws/src/build/twist_ugv_cruiser/build/lib/twist_ugv_cruiser
[4.366s] copying twist_ugv_cruiser/cruiser.py -> /home/jetson/ros2_ws/src/build/twist_ugv_cruiser/build/lib/twist_ugv_cruiser
[4.366s] copying twist_ugv_cruiser/__init__.py -> /home/jetson/ros2_ws/src/build/twist_ugv_cruiser/build/lib/twist_ugv_cruiser
[4.366s] running install
[4.368s] running install_lib
[4.371s] creating /home/jetson/ros2_ws/src/install/twist_ugv_cruiser/lib/python3.8/site-packages/twist_ugv_cruiser
[4.372s] copying /home/jetson/ros2_ws/src/build/twist_ugv_cruiser/build/lib/twist_ugv_cruiser/cruiser.py -> /home/jetson/ros2_ws/src/install/twist_ugv_cruiser/lib/python3.8/site-packages/twist_ugv_cruiser
[4.372s] copying /home/jetson/ros2_ws/src/build/twist_ugv_cruiser/build/lib/twist_ugv_cruiser/__init__.py -> /home/jetson/ros2_ws/src/install/twist_ugv_cruiser/lib/python3.8/site-packages/twist_ugv_cruiser
[4.374s] byte-compiling /home/jetson/ros2_ws/src/install/twist_ugv_cruiser/lib/python3.8/site-packages/twist_ugv_cruiser/cruiser.py to cruiser.cpython-38.pyc
[4.376s] byte-compiling /home/jetson/ros2_ws/src/install/twist_ugv_cruiser/lib/python3.8/site-packages/twist_ugv_cruiser/__init__.py to __init__.cpython-38.pyc
[4.377s] running install_data
[4.377s] creating /home/jetson/ros2_ws/src/install/twist_ugv_cruiser/share/ament_index
[4.378s] creating /home/jetson/ros2_ws/src/install/twist_ugv_cruiser/share/ament_index/resource_index
[4.378s] creating /home/jetson/ros2_ws/src/install/twist_ugv_cruiser/share/ament_index/resource_index/packages
[4.379s] copying resource/twist_ugv_cruiser -> /home/jetson/ros2_ws/src/install/twist_ugv_cruiser/share/ament_index/resource_index/packages
[4.379s] copying package.xml -> /home/jetson/ros2_ws/src/install/twist_ugv_cruiser/share/twist_ugv_cruiser
[4.379s] running install_egg_info
[4.384s] Copying ../build/twist_ugv_cruiser/twist_ugv_cruiser.egg-info to /home/jetson/ros2_ws/src/install/twist_ugv_cruiser/lib/python3.8/site-packages/twist_ugv_cruiser-0.0.0-py3.8.egg-info
[4.387s] running install_scripts
[4.458s] Installing cruiser script to /home/jetson/ros2_ws/src/install/twist_ugv_cruiser/lib/twist_ugv_cruiser
[4.459s] writing list of installed files to '/home/jetson/ros2_ws/src/build/twist_ugv_cruiser/install.log'
[4.552s] Invoked command in '/home/jetson/ros2_ws/src/twist_ugv_cruiser' returned '0': PYTHONPATH=/home/jetson/ros2_ws/src/build/twist_ugv_cruiser/prefix_override:/usr/lib/python3/dist-packages/colcon_core/task/python/colcon_distutils_commands:/home/jetson/ros2_ws/src/install/twist_ugv_cruiser/lib/python3.8/site-packages:${PYTHONPATH} /usr/bin/python3 -W ignore:setup.py install is deprecated setup.py egg_info --egg-base ../build/twist_ugv_cruiser build --build-base /home/jetson/ros2_ws/src/build/twist_ugv_cruiser/build install --record /home/jetson/ros2_ws/src/build/twist_ugv_cruiser/install.log --single-version-externally-managed install_data
