[6.884s] Invoking command in '/home/jetson/ros2_ws/src/pwmrelay': PYTHONPATH=/home/jetson/ros2_ws/build/pwmrelay/prefix_override:/usr/lib/python3/dist-packages/colcon_core/task/python/colcon_distutils_commands:/home/jetson/ros2_ws/install/pwmrelay/lib/python3.8/site-packages:${PYTHONPATH} /usr/bin/python3 -W ignore:setup.py install is deprecated setup.py egg_info --egg-base ../../build/pwmrelay build --build-base /home/jetson/ros2_ws/build/pwmrelay/build install --record /home/jetson/ros2_ws/build/pwmrelay/install.log --single-version-externally-managed install_data
[8.718s] running egg_info
[8.722s] writing ../../build/pwmrelay/pwmrelay.egg-info/PKG-INFO
[8.723s] writing dependency_links to ../../build/pwmrelay/pwmrelay.egg-info/dependency_links.txt
[8.724s] writing entry points to ../../build/pwmrelay/pwmrelay.egg-info/entry_points.txt
[8.725s] writing requirements to ../../build/pwmrelay/pwmrelay.egg-info/requires.txt
[8.725s] writing top-level names to ../../build/pwmrelay/pwmrelay.egg-info/top_level.txt
[8.750s] reading manifest file '../../build/pwmrelay/pwmrelay.egg-info/SOURCES.txt'
[8.761s] writing manifest file '../../build/pwmrelay/pwmrelay.egg-info/SOURCES.txt'
[8.763s] running build
[8.763s] running build_py
[8.767s] running install
[8.771s] running install_lib
[8.781s] running install_data
[8.784s] running install_egg_info
[8.794s] removing '/home/jetson/ros2_ws/install/pwmrelay/lib/python3.8/site-packages/pwmrelay-0.0.0-py3.8.egg-info' (and everything under it)
[8.797s] Copying ../../build/pwmrelay/pwmrelay.egg-info to /home/jetson/ros2_ws/install/pwmrelay/lib/python3.8/site-packages/pwmrelay-0.0.0-py3.8.egg-info
[8.808s] running install_scripts
[8.918s] Installing pwmrelay script to /home/jetson/ros2_ws/install/pwmrelay/lib/pwmrelay
[8.926s] writing list of installed files to '/home/jetson/ros2_ws/build/pwmrelay/install.log'
[9.053s] Invoked command in '/home/jetson/ros2_ws/src/pwmrelay' returned '0': PYTHONPATH=/home/jetson/ros2_ws/build/pwmrelay/prefix_override:/usr/lib/python3/dist-packages/colcon_core/task/python/colcon_distutils_commands:/home/jetson/ros2_ws/install/pwmrelay/lib/python3.8/site-packages:${PYTHONPATH} /usr/bin/python3 -W ignore:setup.py install is deprecated setup.py egg_info --egg-base ../../build/pwmrelay build --build-base /home/jetson/ros2_ws/build/pwmrelay/build install --record /home/jetson/ros2_ws/build/pwmrelay/install.log --single-version-externally-managed install_data
