[5.705s] Invoking command in '/home/jetson/ros2_ws/src/twist_ugv_cruiser': PYTHONPATH=/home/jetson/ros2_ws/build/twist_ugv_cruiser/prefix_override:/usr/lib/python3/dist-packages/colcon_core/task/python/colcon_distutils_commands:/home/jetson/ros2_ws/install/twist_ugv_cruiser/lib/python3.8/site-packages:${PYTHONPATH} /usr/bin/python3 -W ignore:setup.py install is deprecated setup.py egg_info --egg-base ../../build/twist_ugv_cruiser build --build-base /home/jetson/ros2_ws/build/twist_ugv_cruiser/build install --record /home/jetson/ros2_ws/build/twist_ugv_cruiser/install.log --single-version-externally-managed install_data
[7.005s] running egg_info
[7.007s] writing ../../build/twist_ugv_cruiser/twist_ugv_cruiser.egg-info/PKG-INFO
[7.009s] writing dependency_links to ../../build/twist_ugv_cruiser/twist_ugv_cruiser.egg-info/dependency_links.txt
[7.010s] writing entry points to ../../build/twist_ugv_cruiser/twist_ugv_cruiser.egg-info/entry_points.txt
[7.011s] writing requirements to ../../build/twist_ugv_cruiser/twist_ugv_cruiser.egg-info/requires.txt
[7.011s] writing top-level names to ../../build/twist_ugv_cruiser/twist_ugv_cruiser.egg-info/top_level.txt
[7.023s] reading manifest file '../../build/twist_ugv_cruiser/twist_ugv_cruiser.egg-info/SOURCES.txt'
[7.027s] writing manifest file '../../build/twist_ugv_cruiser/twist_ugv_cruiser.egg-info/SOURCES.txt'
[7.028s] running build
[7.028s] running build_py
[7.030s] running install
[7.031s] running install_lib
[7.038s] running install_data
[7.039s] running install_egg_info
[7.045s] removing '/home/jetson/ros2_ws/install/twist_ugv_cruiser/lib/python3.8/site-packages/twist_ugv_cruiser-0.0.0-py3.8.egg-info' (and everything under it)
[7.047s] Copying ../../build/twist_ugv_cruiser/twist_ugv_cruiser.egg-info to /home/jetson/ros2_ws/install/twist_ugv_cruiser/lib/python3.8/site-packages/twist_ugv_cruiser-0.0.0-py3.8.egg-info
[7.050s] running install_scripts
[7.133s] Installing cruiser script to /home/jetson/ros2_ws/install/twist_ugv_cruiser/lib/twist_ugv_cruiser
[7.135s] writing list of installed files to '/home/jetson/ros2_ws/build/twist_ugv_cruiser/install.log'
[7.262s] Invoked command in '/home/jetson/ros2_ws/src/twist_ugv_cruiser' returned '0': PYTHONPATH=/home/jetson/ros2_ws/build/twist_ugv_cruiser/prefix_override:/usr/lib/python3/dist-packages/colcon_core/task/python/colcon_distutils_commands:/home/jetson/ros2_ws/install/twist_ugv_cruiser/lib/python3.8/site-packages:${PYTHONPATH} /usr/bin/python3 -W ignore:setup.py install is deprecated setup.py egg_info --egg-base ../../build/twist_ugv_cruiser build --build-base /home/jetson/ros2_ws/build/twist_ugv_cruiser/build install --record /home/jetson/ros2_ws/build/twist_ugv_cruiser/install.log --single-version-externally-managed install_data
