[1.298s] DEBUG:colcon:Command line arguments: ['/usr/bin/colcon', 'build']
[1.299s] DEBUG:colcon:Parsed command line arguments: Namespace(allow_overriding=[], ament_cmake_args=None, base_paths=['.'], build_base='build', catkin_cmake_args=None, catkin_skip_building_tests=False, cmake_args=None, cmake_clean_cache=False, cmake_clean_first=False, cmake_force_configure=False, cmake_target=None, cmake_target_skip_unavailable=False, continue_on_error=False, event_handlers=None, executor='parallel', ignore_user_meta=False, install_base='install', log_base=None, log_level=None, main=<bound method BuildVerb.main of <colcon_core.verb.build.BuildVerb object at 0x7fa17aa5b0>>, merge_install=False, metas=['./colcon.meta'], packages_above=None, packages_above_and_dependencies=None, packages_above_depth=None, packages_end=None, packages_ignore=None, packages_ignore_regex=None, packages_select=None, packages_select_build_failed=False, packages_select_by_dep=None, packages_select_regex=None, packages_select_test_failures=False, packages_skip=None, packages_skip_build_finished=False, packages_skip_by_dep=None, packages_skip_regex=None, packages_skip_test_passed=False, packages_skip_up_to=None, packages_start=None, packages_up_to=None, packages_up_to_regex=None, parallel_workers=4, paths=None, symlink_install=False, test_result_base=None, verb_extension=<colcon_core.verb.build.BuildVerb object at 0x7fa17aa5b0>, verb_name='build', verb_parser=<colcon_defaults.argument_parser.defaults.DefaultArgumentsDecorator object at 0x7fa172c130>)
[2.508s] Level 1:colcon.colcon_core.package_discovery:discover_packages(colcon_meta) check parameters
[2.509s] Level 1:colcon.colcon_core.package_discovery:discover_packages(recursive) check parameters
[2.509s] Level 1:colcon.colcon_core.package_discovery:discover_packages(ignore) check parameters
[2.510s] Level 1:colcon.colcon_core.package_discovery:discover_packages(path) check parameters
[2.510s] Level 1:colcon.colcon_core.package_discovery:discover_packages(colcon_meta) discover
[2.510s] Level 1:colcon.colcon_core.package_discovery:discover_packages(recursive) discover
[2.511s] INFO:colcon.colcon_core.package_discovery:Crawling recursively for packages in '/home/jetson/ros2_ws'
[2.511s] Level 1:colcon.colcon_core.package_identification:_identify(.) by extensions ['ignore', 'ignore_ament_install']
[2.512s] Level 1:colcon.colcon_core.package_identification:_identify(.) by extension 'ignore'
[2.512s] Level 1:colcon.colcon_core.package_identification:_identify(.) by extension 'ignore_ament_install'
[2.513s] Level 1:colcon.colcon_core.package_identification:_identify(.) by extensions ['colcon_pkg']
[2.513s] Level 1:colcon.colcon_core.package_identification:_identify(.) by extension 'colcon_pkg'
[2.513s] Level 1:colcon.colcon_core.package_identification:_identify(.) by extensions ['colcon_meta']
[2.513s] Level 1:colcon.colcon_core.package_identification:_identify(.) by extension 'colcon_meta'
[2.513s] Level 1:colcon.colcon_core.package_identification:_identify(.) by extensions ['ros']
[2.514s] Level 1:colcon.colcon_core.package_identification:_identify(.) by extension 'ros'
[2.645s] Level 1:colcon.colcon_core.package_identification:_identify(.) by extensions ['cmake', 'python']
[2.645s] Level 1:colcon.colcon_core.package_identification:_identify(.) by extension 'cmake'
[2.645s] Level 1:colcon.colcon_core.package_identification:_identify(.) by extension 'python'
[2.646s] Level 1:colcon.colcon_core.package_identification:_identify(.) by extensions ['python_setup_py']
[2.646s] Level 1:colcon.colcon_core.package_identification:_identify(.) by extension 'python_setup_py'
[2.646s] Level 1:colcon.colcon_core.package_identification:_identify(build) by extensions ['ignore', 'ignore_ament_install']
[2.647s] Level 1:colcon.colcon_core.package_identification:_identify(build) by extension 'ignore'
[2.647s] Level 1:colcon.colcon_core.package_identification:_identify(build) ignored
[2.647s] Level 1:colcon.colcon_core.package_identification:_identify(install) by extensions ['ignore', 'ignore_ament_install']
[2.648s] Level 1:colcon.colcon_core.package_identification:_identify(install) by extension 'ignore'
[2.648s] Level 1:colcon.colcon_core.package_identification:_identify(install) ignored
[2.648s] Level 1:colcon.colcon_core.package_identification:_identify(log) by extensions ['ignore', 'ignore_ament_install']
[2.649s] Level 1:colcon.colcon_core.package_identification:_identify(log) by extension 'ignore'
[2.649s] Level 1:colcon.colcon_core.package_identification:_identify(log) ignored
[2.649s] Level 1:colcon.colcon_core.package_identification:_identify(src) by extensions ['ignore', 'ignore_ament_install']
[2.650s] Level 1:colcon.colcon_core.package_identification:_identify(src) by extension 'ignore'
[2.650s] Level 1:colcon.colcon_core.package_identification:_identify(src) by extension 'ignore_ament_install'
[2.650s] Level 1:colcon.colcon_core.package_identification:_identify(src) by extensions ['colcon_pkg']
[2.650s] Level 1:colcon.colcon_core.package_identification:_identify(src) by extension 'colcon_pkg'
[2.650s] Level 1:colcon.colcon_core.package_identification:_identify(src) by extensions ['colcon_meta']
[2.650s] Level 1:colcon.colcon_core.package_identification:_identify(src) by extension 'colcon_meta'
[2.651s] Level 1:colcon.colcon_core.package_identification:_identify(src) by extensions ['ros']
[2.651s] Level 1:colcon.colcon_core.package_identification:_identify(src) by extension 'ros'
[2.651s] Level 1:colcon.colcon_core.package_identification:_identify(src) by extensions ['cmake', 'python']
[2.651s] Level 1:colcon.colcon_core.package_identification:_identify(src) by extension 'cmake'
[2.651s] Level 1:colcon.colcon_core.package_identification:_identify(src) by extension 'python'
[2.652s] Level 1:colcon.colcon_core.package_identification:_identify(src) by extensions ['python_setup_py']
[2.652s] Level 1:colcon.colcon_core.package_identification:_identify(src) by extension 'python_setup_py'
[2.661s] Level 1:colcon.colcon_core.package_identification:_identify(src/build) by extensions ['ignore', 'ignore_ament_install']
[2.661s] Level 1:colcon.colcon_core.package_identification:_identify(src/build) by extension 'ignore'
[2.662s] Level 1:colcon.colcon_core.package_identification:_identify(src/build) ignored
[2.663s] Level 1:colcon.colcon_core.package_identification:_identify(src/install) by extensions ['ignore', 'ignore_ament_install']
[2.663s] Level 1:colcon.colcon_core.package_identification:_identify(src/install) by extension 'ignore'
[2.663s] Level 1:colcon.colcon_core.package_identification:_identify(src/install) ignored
[2.664s] Level 1:colcon.colcon_core.package_identification:_identify(src/log) by extensions ['ignore', 'ignore_ament_install']
[2.664s] Level 1:colcon.colcon_core.package_identification:_identify(src/log) by extension 'ignore'
[2.665s] Level 1:colcon.colcon_core.package_identification:_identify(src/log) ignored
[2.665s] Level 1:colcon.colcon_core.package_identification:_identify(src/pwmrelay) by extensions ['ignore', 'ignore_ament_install']
[2.666s] Level 1:colcon.colcon_core.package_identification:_identify(src/pwmrelay) by extension 'ignore'
[2.666s] Level 1:colcon.colcon_core.package_identification:_identify(src/pwmrelay) by extension 'ignore_ament_install'
[2.666s] Level 1:colcon.colcon_core.package_identification:_identify(src/pwmrelay) by extensions ['colcon_pkg']
[2.666s] Level 1:colcon.colcon_core.package_identification:_identify(src/pwmrelay) by extension 'colcon_pkg'
[2.667s] Level 1:colcon.colcon_core.package_identification:_identify(src/pwmrelay) by extensions ['colcon_meta']
[2.667s] Level 1:colcon.colcon_core.package_identification:_identify(src/pwmrelay) by extension 'colcon_meta'
[2.667s] Level 1:colcon.colcon_core.package_identification:_identify(src/pwmrelay) by extensions ['ros']
[2.667s] Level 1:colcon.colcon_core.package_identification:_identify(src/pwmrelay) by extension 'ros'
[2.680s] DEBUG:colcon.colcon_core.package_identification:Package 'src/pwmrelay' with type 'ros.ament_python' and name 'pwmrelay'
[2.681s] Level 1:colcon.colcon_core.package_identification:_identify(src/serial_to_ros2) by extensions ['ignore', 'ignore_ament_install']
[2.681s] Level 1:colcon.colcon_core.package_identification:_identify(src/serial_to_ros2) by extension 'ignore'
[2.681s] Level 1:colcon.colcon_core.package_identification:_identify(src/serial_to_ros2) by extension 'ignore_ament_install'
[2.682s] Level 1:colcon.colcon_core.package_identification:_identify(src/serial_to_ros2) by extensions ['colcon_pkg']
[2.682s] Level 1:colcon.colcon_core.package_identification:_identify(src/serial_to_ros2) by extension 'colcon_pkg'
[2.682s] Level 1:colcon.colcon_core.package_identification:_identify(src/serial_to_ros2) by extensions ['colcon_meta']
[2.682s] Level 1:colcon.colcon_core.package_identification:_identify(src/serial_to_ros2) by extension 'colcon_meta'
[2.682s] Level 1:colcon.colcon_core.package_identification:_identify(src/serial_to_ros2) by extensions ['ros']
[2.683s] Level 1:colcon.colcon_core.package_identification:_identify(src/serial_to_ros2) by extension 'ros'
[2.686s] DEBUG:colcon.colcon_core.package_identification:Package 'src/serial_to_ros2' with type 'ros.ament_python' and name 'serial_to_ros2'
[2.687s] Level 1:colcon.colcon_core.package_identification:_identify(src/twist_ugv_cruiser) by extensions ['ignore', 'ignore_ament_install']
[2.688s] Level 1:colcon.colcon_core.package_identification:_identify(src/twist_ugv_cruiser) by extension 'ignore'
[2.688s] Level 1:colcon.colcon_core.package_identification:_identify(src/twist_ugv_cruiser) by extension 'ignore_ament_install'
[2.688s] Level 1:colcon.colcon_core.package_identification:_identify(src/twist_ugv_cruiser) by extensions ['colcon_pkg']
[2.688s] Level 1:colcon.colcon_core.package_identification:_identify(src/twist_ugv_cruiser) by extension 'colcon_pkg'
[2.688s] Level 1:colcon.colcon_core.package_identification:_identify(src/twist_ugv_cruiser) by extensions ['colcon_meta']
[2.688s] Level 1:colcon.colcon_core.package_identification:_identify(src/twist_ugv_cruiser) by extension 'colcon_meta'
[2.689s] Level 1:colcon.colcon_core.package_identification:_identify(src/twist_ugv_cruiser) by extensions ['ros']
[2.689s] Level 1:colcon.colcon_core.package_identification:_identify(src/twist_ugv_cruiser) by extension 'ros'
[2.692s] DEBUG:colcon.colcon_core.package_identification:Package 'src/twist_ugv_cruiser' with type 'ros.ament_python' and name 'twist_ugv_cruiser'
[2.692s] Level 1:colcon.colcon_core.package_discovery:discover_packages(recursive) using defaults
[2.692s] Level 1:colcon.colcon_core.package_discovery:discover_packages(ignore) discover
[2.692s] Level 1:colcon.colcon_core.package_discovery:discover_packages(ignore) using defaults
[2.693s] Level 1:colcon.colcon_core.package_discovery:discover_packages(path) discover
[2.693s] Level 1:colcon.colcon_core.package_discovery:discover_packages(path) using defaults
[2.870s] Level 1:colcon.colcon_core.package_discovery:discover_packages(prefix_path) check parameters
[2.870s] Level 1:colcon.colcon_core.package_discovery:discover_packages(prefix_path) discover
[2.899s] DEBUG:colcon.colcon_installed_package_information.package_discovery:Found 3 installed packages in /home/jetson/ros2_ws/install
[2.907s] DEBUG:colcon.colcon_installed_package_information.package_discovery:Found 256 installed packages in /opt/ros/foxy
[2.915s] Level 1:colcon.colcon_core.package_discovery:discover_packages(prefix_path) using defaults
[3.276s] Level 5:colcon.colcon_core.verb:set package 'pwmrelay' build argument 'cmake_args' from command line to 'None'
[3.276s] Level 5:colcon.colcon_core.verb:set package 'pwmrelay' build argument 'cmake_target' from command line to 'None'
[3.277s] Level 5:colcon.colcon_core.verb:set package 'pwmrelay' build argument 'cmake_target_skip_unavailable' from command line to 'False'
[3.277s] Level 5:colcon.colcon_core.verb:set package 'pwmrelay' build argument 'cmake_clean_cache' from command line to 'False'
[3.277s] Level 5:colcon.colcon_core.verb:set package 'pwmrelay' build argument 'cmake_clean_first' from command line to 'False'
[3.277s] Level 5:colcon.colcon_core.verb:set package 'pwmrelay' build argument 'cmake_force_configure' from command line to 'False'
[3.277s] Level 5:colcon.colcon_core.verb:set package 'pwmrelay' build argument 'ament_cmake_args' from command line to 'None'
[3.277s] Level 5:colcon.colcon_core.verb:set package 'pwmrelay' build argument 'catkin_cmake_args' from command line to 'None'
[3.277s] Level 5:colcon.colcon_core.verb:set package 'pwmrelay' build argument 'catkin_skip_building_tests' from command line to 'False'
[3.278s] DEBUG:colcon.colcon_core.verb:Building package 'pwmrelay' with the following arguments: {'ament_cmake_args': None, 'build_base': '/home/jetson/ros2_ws/build/pwmrelay', 'catkin_cmake_args': None, 'catkin_skip_building_tests': False, 'cmake_args': None, 'cmake_clean_cache': False, 'cmake_clean_first': False, 'cmake_force_configure': False, 'cmake_target': None, 'cmake_target_skip_unavailable': False, 'install_base': '/home/jetson/ros2_ws/install/pwmrelay', 'merge_install': False, 'path': '/home/jetson/ros2_ws/src/pwmrelay', 'symlink_install': False, 'test_result_base': None}
[3.279s] Level 5:colcon.colcon_core.verb:set package 'serial_to_ros2' build argument 'cmake_args' from command line to 'None'
[3.280s] Level 5:colcon.colcon_core.verb:set package 'serial_to_ros2' build argument 'cmake_target' from command line to 'None'
[3.280s] Level 5:colcon.colcon_core.verb:set package 'serial_to_ros2' build argument 'cmake_target_skip_unavailable' from command line to 'False'
[3.280s] Level 5:colcon.colcon_core.verb:set package 'serial_to_ros2' build argument 'cmake_clean_cache' from command line to 'False'
[3.280s] Level 5:colcon.colcon_core.verb:set package 'serial_to_ros2' build argument 'cmake_clean_first' from command line to 'False'
[3.280s] Level 5:colcon.colcon_core.verb:set package 'serial_to_ros2' build argument 'cmake_force_configure' from command line to 'False'
[3.280s] Level 5:colcon.colcon_core.verb:set package 'serial_to_ros2' build argument 'ament_cmake_args' from command line to 'None'
[3.280s] Level 5:colcon.colcon_core.verb:set package 'serial_to_ros2' build argument 'catkin_cmake_args' from command line to 'None'
[3.280s] Level 5:colcon.colcon_core.verb:set package 'serial_to_ros2' build argument 'catkin_skip_building_tests' from command line to 'False'
[3.281s] DEBUG:colcon.colcon_core.verb:Building package 'serial_to_ros2' with the following arguments: {'ament_cmake_args': None, 'build_base': '/home/jetson/ros2_ws/build/serial_to_ros2', 'catkin_cmake_args': None, 'catkin_skip_building_tests': False, 'cmake_args': None, 'cmake_clean_cache': False, 'cmake_clean_first': False, 'cmake_force_configure': False, 'cmake_target': None, 'cmake_target_skip_unavailable': False, 'install_base': '/home/jetson/ros2_ws/install/serial_to_ros2', 'merge_install': False, 'path': '/home/jetson/ros2_ws/src/serial_to_ros2', 'symlink_install': False, 'test_result_base': None}
[3.282s] Level 5:colcon.colcon_core.verb:set package 'twist_ugv_cruiser' build argument 'cmake_args' from command line to 'None'
[3.282s] Level 5:colcon.colcon_core.verb:set package 'twist_ugv_cruiser' build argument 'cmake_target' from command line to 'None'
[3.283s] Level 5:colcon.colcon_core.verb:set package 'twist_ugv_cruiser' build argument 'cmake_target_skip_unavailable' from command line to 'False'
[3.283s] Level 5:colcon.colcon_core.verb:set package 'twist_ugv_cruiser' build argument 'cmake_clean_cache' from command line to 'False'
[3.283s] Level 5:colcon.colcon_core.verb:set package 'twist_ugv_cruiser' build argument 'cmake_clean_first' from command line to 'False'
[3.283s] Level 5:colcon.colcon_core.verb:set package 'twist_ugv_cruiser' build argument 'cmake_force_configure' from command line to 'False'
[3.283s] Level 5:colcon.colcon_core.verb:set package 'twist_ugv_cruiser' build argument 'ament_cmake_args' from command line to 'None'
[3.283s] Level 5:colcon.colcon_core.verb:set package 'twist_ugv_cruiser' build argument 'catkin_cmake_args' from command line to 'None'
[3.283s] Level 5:colcon.colcon_core.verb:set package 'twist_ugv_cruiser' build argument 'catkin_skip_building_tests' from command line to 'False'
[3.283s] DEBUG:colcon.colcon_core.verb:Building package 'twist_ugv_cruiser' with the following arguments: {'ament_cmake_args': None, 'build_base': '/home/jetson/ros2_ws/build/twist_ugv_cruiser', 'catkin_cmake_args': None, 'catkin_skip_building_tests': False, 'cmake_args': None, 'cmake_clean_cache': False, 'cmake_clean_first': False, 'cmake_force_configure': False, 'cmake_target': None, 'cmake_target_skip_unavailable': False, 'install_base': '/home/jetson/ros2_ws/install/twist_ugv_cruiser', 'merge_install': False, 'path': '/home/jetson/ros2_ws/src/twist_ugv_cruiser', 'symlink_install': False, 'test_result_base': None}
[3.284s] INFO:colcon.colcon_core.executor:Executing jobs using 'parallel' executor
[3.287s] DEBUG:colcon.colcon_parallel_executor.executor.parallel:run_until_complete
[3.288s] INFO:colcon.colcon_ros.task.ament_python.build:Building ROS package in '/home/jetson/ros2_ws/src/pwmrelay' with build type 'ament_python'
[3.288s] Level 1:colcon.colcon_core.shell:create_environment_hook('pwmrelay', 'ament_prefix_path')
[3.314s] INFO:colcon.colcon_core.plugin_system:Skipping extension 'colcon_core.shell.bat': Not used on non-Windows systems
[3.315s] INFO:colcon.colcon_core.shell:Creating environment hook '/home/jetson/ros2_ws/install/pwmrelay/share/pwmrelay/hook/ament_prefix_path.ps1'
[3.325s] INFO:colcon.colcon_core.shell:Creating environment descriptor '/home/jetson/ros2_ws/install/pwmrelay/share/pwmrelay/hook/ament_prefix_path.dsv'
[3.328s] INFO:colcon.colcon_core.shell:Creating environment hook '/home/jetson/ros2_ws/install/pwmrelay/share/pwmrelay/hook/ament_prefix_path.sh'
[3.332s] INFO:colcon.colcon_core.shell:Skip shell extension 'powershell' for command environment: Not usable outside of PowerShell
[3.332s] DEBUG:colcon.colcon_core.shell:Skip shell extension 'dsv' for command environment
[3.357s] INFO:colcon.colcon_ros.task.ament_python.build:Building ROS package in '/home/jetson/ros2_ws/src/serial_to_ros2' with build type 'ament_python'
[3.358s] Level 1:colcon.colcon_core.shell:create_environment_hook('serial_to_ros2', 'ament_prefix_path')
[3.360s] INFO:colcon.colcon_core.shell:Creating environment hook '/home/jetson/ros2_ws/install/serial_to_ros2/share/serial_to_ros2/hook/ament_prefix_path.ps1'
[3.363s] INFO:colcon.colcon_core.shell:Creating environment descriptor '/home/jetson/ros2_ws/install/serial_to_ros2/share/serial_to_ros2/hook/ament_prefix_path.dsv'
[3.364s] INFO:colcon.colcon_core.shell:Creating environment hook '/home/jetson/ros2_ws/install/serial_to_ros2/share/serial_to_ros2/hook/ament_prefix_path.sh'
[3.367s] INFO:colcon.colcon_core.shell:Skip shell extension 'powershell' for command environment: Not usable outside of PowerShell
[3.367s] DEBUG:colcon.colcon_core.shell:Skip shell extension 'dsv' for command environment
[3.385s] INFO:colcon.colcon_ros.task.ament_python.build:Building ROS package in '/home/jetson/ros2_ws/src/twist_ugv_cruiser' with build type 'ament_python'
[3.385s] Level 1:colcon.colcon_core.shell:create_environment_hook('twist_ugv_cruiser', 'ament_prefix_path')
[3.387s] INFO:colcon.colcon_core.shell:Creating environment hook '/home/jetson/ros2_ws/install/twist_ugv_cruiser/share/twist_ugv_cruiser/hook/ament_prefix_path.ps1'
[3.392s] INFO:colcon.colcon_core.shell:Creating environment descriptor '/home/jetson/ros2_ws/install/twist_ugv_cruiser/share/twist_ugv_cruiser/hook/ament_prefix_path.dsv'
[3.394s] INFO:colcon.colcon_core.shell:Creating environment hook '/home/jetson/ros2_ws/install/twist_ugv_cruiser/share/twist_ugv_cruiser/hook/ament_prefix_path.sh'
[3.396s] INFO:colcon.colcon_core.shell:Skip shell extension 'powershell' for command environment: Not usable outside of PowerShell
[3.396s] DEBUG:colcon.colcon_core.shell:Skip shell extension 'dsv' for command environment
[4.676s] INFO:colcon.colcon_core.task.python.build:Building Python package in '/home/jetson/ros2_ws/src/pwmrelay'
[4.678s] INFO:colcon.colcon_core.shell:Skip shell extension 'powershell' for command environment: Not usable outside of PowerShell
[4.678s] DEBUG:colcon.colcon_core.shell:Skip shell extension 'dsv' for command environment
[5.921s] INFO:colcon.colcon_core.task.python.build:Building Python package in '/home/jetson/ros2_ws/src/serial_to_ros2'
[5.922s] INFO:colcon.colcon_core.shell:Skip shell extension 'powershell' for command environment: Not usable outside of PowerShell
[5.923s] DEBUG:colcon.colcon_core.shell:Skip shell extension 'dsv' for command environment
[7.203s] INFO:colcon.colcon_core.task.python.build:Building Python package in '/home/jetson/ros2_ws/src/twist_ugv_cruiser'
[7.204s] INFO:colcon.colcon_core.shell:Skip shell extension 'powershell' for command environment: Not usable outside of PowerShell
[7.205s] DEBUG:colcon.colcon_core.shell:Skip shell extension 'dsv' for command environment
[9.509s] DEBUG:colcon.colcon_core.event_handler.log_command:Invoking command in '/home/jetson/ros2_ws/src/serial_to_ros2': PYTHONPATH=/home/jetson/ros2_ws/build/serial_to_ros2/prefix_override:/usr/lib/python3/dist-packages/colcon_core/task/python/colcon_distutils_commands:/home/jetson/ros2_ws/install/serial_to_ros2/lib/python3.8/site-packages:${PYTHONPATH} /usr/bin/python3 -W ignore:setup.py install is deprecated setup.py egg_info --egg-base ../../build/serial_to_ros2 build --build-base /home/jetson/ros2_ws/build/serial_to_ros2/build install --record /home/jetson/ros2_ws/build/serial_to_ros2/install.log --single-version-externally-managed install_data
[9.534s] DEBUG:colcon.colcon_core.event_handler.log_command:Invoking command in '/home/jetson/ros2_ws/src/pwmrelay': PYTHONPATH=/home/jetson/ros2_ws/build/pwmrelay/prefix_override:/usr/lib/python3/dist-packages/colcon_core/task/python/colcon_distutils_commands:/home/jetson/ros2_ws/install/pwmrelay/lib/python3.8/site-packages:${PYTHONPATH} /usr/bin/python3 -W ignore:setup.py install is deprecated setup.py egg_info --egg-base ../../build/pwmrelay build --build-base /home/jetson/ros2_ws/build/pwmrelay/build install --record /home/jetson/ros2_ws/build/pwmrelay/install.log --single-version-externally-managed install_data
[9.546s] DEBUG:colcon.colcon_core.event_handler.log_command:Invoking command in '/home/jetson/ros2_ws/src/twist_ugv_cruiser': PYTHONPATH=/home/jetson/ros2_ws/build/twist_ugv_cruiser/prefix_override:/usr/lib/python3/dist-packages/colcon_core/task/python/colcon_distutils_commands:/home/jetson/ros2_ws/install/twist_ugv_cruiser/lib/python3.8/site-packages:${PYTHONPATH} /usr/bin/python3 -W ignore:setup.py install is deprecated setup.py egg_info --egg-base ../../build/twist_ugv_cruiser build --build-base /home/jetson/ros2_ws/build/twist_ugv_cruiser/build install --record /home/jetson/ros2_ws/build/twist_ugv_cruiser/install.log --single-version-externally-managed install_data
[11.070s] DEBUG:colcon.colcon_core.event_handler.log_command:Invoked command in '/home/jetson/ros2_ws/src/serial_to_ros2' returned '0': PYTHONPATH=/home/jetson/ros2_ws/build/serial_to_ros2/prefix_override:/usr/lib/python3/dist-packages/colcon_core/task/python/colcon_distutils_commands:/home/jetson/ros2_ws/install/serial_to_ros2/lib/python3.8/site-packages:${PYTHONPATH} /usr/bin/python3 -W ignore:setup.py install is deprecated setup.py egg_info --egg-base ../../build/serial_to_ros2 build --build-base /home/jetson/ros2_ws/build/serial_to_ros2/build install --record /home/jetson/ros2_ws/build/serial_to_ros2/install.log --single-version-externally-managed install_data
[11.098s] Level 1:colcon.colcon_core.environment:checking '/home/jetson/ros2_ws/install/serial_to_ros2' for CMake module files
[11.100s] Level 1:colcon.colcon_core.environment:checking '/home/jetson/ros2_ws/install/serial_to_ros2' for CMake config files
[11.103s] Level 1:colcon.colcon_core.environment:checking '/home/jetson/ros2_ws/install/serial_to_ros2/lib'
[11.103s] Level 1:colcon.colcon_core.environment:checking '/home/jetson/ros2_ws/install/serial_to_ros2/bin'
[11.104s] Level 1:colcon.colcon_core.environment:checking '/home/jetson/ros2_ws/install/serial_to_ros2/lib/pkgconfig/serial_to_ros2.pc'
[11.105s] Level 1:colcon.colcon_core.environment:checking '/home/jetson/ros2_ws/install/serial_to_ros2/lib/python3.8/site-packages'
[11.105s] Level 1:colcon.colcon_core.shell:create_environment_hook('serial_to_ros2', 'pythonpath')
[11.106s] INFO:colcon.colcon_core.shell:Creating environment hook '/home/jetson/ros2_ws/install/serial_to_ros2/share/serial_to_ros2/hook/pythonpath.ps1'
[11.108s] INFO:colcon.colcon_core.shell:Creating environment descriptor '/home/jetson/ros2_ws/install/serial_to_ros2/share/serial_to_ros2/hook/pythonpath.dsv'
[11.109s] INFO:colcon.colcon_core.shell:Creating environment hook '/home/jetson/ros2_ws/install/serial_to_ros2/share/serial_to_ros2/hook/pythonpath.sh'
[11.111s] Level 1:colcon.colcon_core.environment:checking '/home/jetson/ros2_ws/install/serial_to_ros2/bin'
[11.111s] Level 1:colcon.colcon_core.environment:create_environment_scripts_only(serial_to_ros2)
[11.113s] INFO:colcon.colcon_core.shell:Creating package script '/home/jetson/ros2_ws/install/serial_to_ros2/share/serial_to_ros2/package.ps1'
[11.130s] INFO:colcon.colcon_core.shell:Creating package descriptor '/home/jetson/ros2_ws/install/serial_to_ros2/share/serial_to_ros2/package.dsv'
[11.135s] INFO:colcon.colcon_core.shell:Creating package script '/home/jetson/ros2_ws/install/serial_to_ros2/share/serial_to_ros2/package.sh'
[11.138s] INFO:colcon.colcon_core.shell:Creating package script '/home/jetson/ros2_ws/install/serial_to_ros2/share/serial_to_ros2/package.bash'
[11.145s] INFO:colcon.colcon_core.shell:Creating package script '/home/jetson/ros2_ws/install/serial_to_ros2/share/serial_to_ros2/package.zsh'
[11.151s] Level 1:colcon.colcon_core.environment:create_file_with_runtime_dependencies(/home/jetson/ros2_ws/install/serial_to_ros2/share/colcon-core/packages/serial_to_ros2)
[11.157s] Level 1:colcon.colcon_core.environment:checking '/home/jetson/ros2_ws/install/pwmrelay' for CMake module files
[11.159s] DEBUG:colcon.colcon_core.event_handler.log_command:Invoked command in '/home/jetson/ros2_ws/src/pwmrelay' returned '0': PYTHONPATH=/home/jetson/ros2_ws/build/pwmrelay/prefix_override:/usr/lib/python3/dist-packages/colcon_core/task/python/colcon_distutils_commands:/home/jetson/ros2_ws/install/pwmrelay/lib/python3.8/site-packages:${PYTHONPATH} /usr/bin/python3 -W ignore:setup.py install is deprecated setup.py egg_info --egg-base ../../build/pwmrelay build --build-base /home/jetson/ros2_ws/build/pwmrelay/build install --record /home/jetson/ros2_ws/build/pwmrelay/install.log --single-version-externally-managed install_data
[11.161s] Level 1:colcon.colcon_core.environment:checking '/home/jetson/ros2_ws/install/pwmrelay' for CMake config files
[11.163s] Level 1:colcon.colcon_core.environment:checking '/home/jetson/ros2_ws/install/pwmrelay/lib'
[11.163s] Level 1:colcon.colcon_core.environment:checking '/home/jetson/ros2_ws/install/pwmrelay/bin'
[11.164s] Level 1:colcon.colcon_core.environment:checking '/home/jetson/ros2_ws/install/pwmrelay/lib/pkgconfig/pwmrelay.pc'
[11.164s] Level 1:colcon.colcon_core.environment:checking '/home/jetson/ros2_ws/install/pwmrelay/lib/python3.8/site-packages'
[11.165s] Level 1:colcon.colcon_core.shell:create_environment_hook('pwmrelay', 'pythonpath')
[11.166s] INFO:colcon.colcon_core.shell:Creating environment hook '/home/jetson/ros2_ws/install/pwmrelay/share/pwmrelay/hook/pythonpath.ps1'
[11.167s] INFO:colcon.colcon_core.shell:Creating environment descriptor '/home/jetson/ros2_ws/install/pwmrelay/share/pwmrelay/hook/pythonpath.dsv'
[11.169s] INFO:colcon.colcon_core.shell:Creating environment hook '/home/jetson/ros2_ws/install/pwmrelay/share/pwmrelay/hook/pythonpath.sh'
[11.171s] Level 1:colcon.colcon_core.environment:checking '/home/jetson/ros2_ws/install/pwmrelay/bin'
[11.171s] Level 1:colcon.colcon_core.environment:create_environment_scripts_only(pwmrelay)
[11.173s] INFO:colcon.colcon_core.shell:Creating package script '/home/jetson/ros2_ws/install/pwmrelay/share/pwmrelay/package.ps1'
[11.176s] INFO:colcon.colcon_core.shell:Creating package descriptor '/home/jetson/ros2_ws/install/pwmrelay/share/pwmrelay/package.dsv'
[11.178s] INFO:colcon.colcon_core.shell:Creating package script '/home/jetson/ros2_ws/install/pwmrelay/share/pwmrelay/package.sh'
[11.179s] INFO:colcon.colcon_core.shell:Creating package script '/home/jetson/ros2_ws/install/pwmrelay/share/pwmrelay/package.bash'
[11.181s] INFO:colcon.colcon_core.shell:Creating package script '/home/jetson/ros2_ws/install/pwmrelay/share/pwmrelay/package.zsh'
[11.182s] Level 1:colcon.colcon_core.environment:create_file_with_runtime_dependencies(/home/jetson/ros2_ws/install/pwmrelay/share/colcon-core/packages/pwmrelay)
[11.184s] Level 1:colcon.colcon_core.environment:checking '/home/jetson/ros2_ws/install/twist_ugv_cruiser' for CMake module files
[11.188s] DEBUG:colcon.colcon_core.event_handler.log_command:Invoked command in '/home/jetson/ros2_ws/src/twist_ugv_cruiser' returned '0': PYTHONPATH=/home/jetson/ros2_ws/build/twist_ugv_cruiser/prefix_override:/usr/lib/python3/dist-packages/colcon_core/task/python/colcon_distutils_commands:/home/jetson/ros2_ws/install/twist_ugv_cruiser/lib/python3.8/site-packages:${PYTHONPATH} /usr/bin/python3 -W ignore:setup.py install is deprecated setup.py egg_info --egg-base ../../build/twist_ugv_cruiser build --build-base /home/jetson/ros2_ws/build/twist_ugv_cruiser/build install --record /home/jetson/ros2_ws/build/twist_ugv_cruiser/install.log --single-version-externally-managed install_data
[11.189s] Level 1:colcon.colcon_core.environment:checking '/home/jetson/ros2_ws/install/twist_ugv_cruiser' for CMake config files
[11.191s] Level 1:colcon.colcon_core.environment:checking '/home/jetson/ros2_ws/install/twist_ugv_cruiser/lib'
[11.192s] Level 1:colcon.colcon_core.environment:checking '/home/jetson/ros2_ws/install/twist_ugv_cruiser/bin'
[11.192s] Level 1:colcon.colcon_core.environment:checking '/home/jetson/ros2_ws/install/twist_ugv_cruiser/lib/pkgconfig/twist_ugv_cruiser.pc'
[11.193s] Level 1:colcon.colcon_core.environment:checking '/home/jetson/ros2_ws/install/twist_ugv_cruiser/lib/python3.8/site-packages'
[11.193s] Level 1:colcon.colcon_core.shell:create_environment_hook('twist_ugv_cruiser', 'pythonpath')
[11.194s] INFO:colcon.colcon_core.shell:Creating environment hook '/home/jetson/ros2_ws/install/twist_ugv_cruiser/share/twist_ugv_cruiser/hook/pythonpath.ps1'
[11.196s] INFO:colcon.colcon_core.shell:Creating environment descriptor '/home/jetson/ros2_ws/install/twist_ugv_cruiser/share/twist_ugv_cruiser/hook/pythonpath.dsv'
[11.197s] INFO:colcon.colcon_core.shell:Creating environment hook '/home/jetson/ros2_ws/install/twist_ugv_cruiser/share/twist_ugv_cruiser/hook/pythonpath.sh'
[11.199s] Level 1:colcon.colcon_core.environment:checking '/home/jetson/ros2_ws/install/twist_ugv_cruiser/bin'
[11.199s] Level 1:colcon.colcon_core.environment:create_environment_scripts_only(twist_ugv_cruiser)
[11.201s] INFO:colcon.colcon_core.shell:Creating package script '/home/jetson/ros2_ws/install/twist_ugv_cruiser/share/twist_ugv_cruiser/package.ps1'
[11.203s] INFO:colcon.colcon_core.shell:Creating package descriptor '/home/jetson/ros2_ws/install/twist_ugv_cruiser/share/twist_ugv_cruiser/package.dsv'
[11.204s] INFO:colcon.colcon_core.shell:Creating package script '/home/jetson/ros2_ws/install/twist_ugv_cruiser/share/twist_ugv_cruiser/package.sh'
[11.206s] INFO:colcon.colcon_core.shell:Creating package script '/home/jetson/ros2_ws/install/twist_ugv_cruiser/share/twist_ugv_cruiser/package.bash'
[11.208s] INFO:colcon.colcon_core.shell:Creating package script '/home/jetson/ros2_ws/install/twist_ugv_cruiser/share/twist_ugv_cruiser/package.zsh'
[11.209s] Level 1:colcon.colcon_core.environment:create_file_with_runtime_dependencies(/home/jetson/ros2_ws/install/twist_ugv_cruiser/share/colcon-core/packages/twist_ugv_cruiser)
[11.210s] DEBUG:colcon.colcon_parallel_executor.executor.parallel:closing loop
[11.211s] DEBUG:colcon.colcon_parallel_executor.executor.parallel:loop closed
[11.212s] DEBUG:colcon.colcon_parallel_executor.executor.parallel:run_until_complete finished with '0'
[11.212s] DEBUG:colcon.colcon_core.event_reactor:joining thread
[11.235s] INFO:colcon.colcon_core.plugin_system:Skipping extension 'colcon_notification.desktop_notification.terminal_notifier': Not used on non-Darwin systems
[11.236s] INFO:colcon.colcon_core.plugin_system:Skipping extension 'colcon_notification.desktop_notification.win32': Not used on non-Windows systems
[11.236s] INFO:colcon.colcon_notification.desktop_notification:Sending desktop notification using 'notify2'
[11.300s] DEBUG:colcon.colcon_core.event_reactor:joined thread
[11.301s] INFO:colcon.colcon_core.shell:Creating prefix script '/home/jetson/ros2_ws/install/local_setup.ps1'
[11.306s] INFO:colcon.colcon_core.shell:Creating prefix util module '/home/jetson/ros2_ws/install/_local_setup_util_ps1.py'
[11.314s] INFO:colcon.colcon_core.shell:Creating prefix chain script '/home/jetson/ros2_ws/install/setup.ps1'
[11.319s] INFO:colcon.colcon_core.shell:Creating prefix script '/home/jetson/ros2_ws/install/local_setup.sh'
[11.323s] INFO:colcon.colcon_core.shell:Creating prefix util module '/home/jetson/ros2_ws/install/_local_setup_util_sh.py'
[11.326s] INFO:colcon.colcon_core.shell:Creating prefix chain script '/home/jetson/ros2_ws/install/setup.sh'
[11.333s] INFO:colcon.colcon_core.shell:Creating prefix script '/home/jetson/ros2_ws/install/local_setup.bash'
[11.343s] INFO:colcon.colcon_core.shell:Creating prefix chain script '/home/jetson/ros2_ws/install/setup.bash'
[11.349s] INFO:colcon.colcon_core.shell:Creating prefix script '/home/jetson/ros2_ws/install/local_setup.zsh'
[11.354s] INFO:colcon.colcon_core.shell:Creating prefix chain script '/home/jetson/ros2_ws/install/setup.zsh'
